<?xml version="1.0" encoding="UTF-8"?>
<coverage generated="1527626533564" clover="3.2.0">
  <project timestamp="1527626533564" name="All files">
    <metrics statements="355" coveredstatements="334" conditionals="217" coveredconditionals="193" methods="99" coveredmethods="95" elements="671" coveredelements="622" complexity="0" loc="355" ncloc="355" packages="2" files="7" classes="7">
      <package name="__tests__">
        <metrics statements="5" coveredstatements="4" conditionals="0" coveredconditionals="0" methods="1" coveredmethods="0"/>
        <file name="setupTests.js" path="/home/michael/Documents/apps/matjs/__tests__/setupTests.js">
          <metrics statements="5" coveredstatements="4" conditionals="0" coveredconditionals="0" methods="1" coveredmethods="0"/>
          <line num="1" count="6" type="stmt"/>
          <line num="4" count="6" type="stmt"/>
          <line num="7" count="0" type="stmt"/>
          <line num="10" count="6" type="stmt"/>
          <line num="11" count="6" type="stmt"/>
        </file>
      </package>
      <package name="lib">
        <metrics statements="350" coveredstatements="330" conditionals="217" coveredconditionals="193" methods="98" coveredmethods="95"/>
        <file name="InputStream.js" path="/home/michael/Documents/apps/matjs/lib/InputStream.js">
          <metrics statements="15" coveredstatements="15" conditionals="3" coveredconditionals="3" methods="5" coveredmethods="5"/>
          <line num="5" count="92" type="stmt"/>
          <line num="6" count="92" type="stmt"/>
          <line num="7" count="92" type="stmt"/>
          <line num="8" count="92" type="stmt"/>
          <line num="13" count="1241" type="stmt"/>
          <line num="15" count="1241" type="cond" truecount="2" falsecount="0"/>
          <line num="16" count="56" type="stmt"/>
          <line num="17" count="56" type="stmt"/>
          <line num="19" count="1185" type="stmt"/>
          <line num="22" count="1241" type="stmt"/>
          <line num="26" count="3745" type="stmt"/>
          <line num="30" count="1845" type="stmt"/>
          <line num="34" count="6" type="stmt"/>
          <line num="35" count="6" type="stmt"/>
          <line num="39" count="5" type="stmt"/>
        </file>
        <file name="Parser.js" path="/home/michael/Documents/apps/matjs/lib/Parser.js">
          <metrics statements="127" coveredstatements="114" conditionals="101" coveredconditionals="88" methods="31" coveredmethods="28"/>
          <line num="1" count="3" type="stmt"/>
          <line num="2" count="3" type="stmt"/>
          <line num="6" count="30" type="stmt"/>
          <line num="8" count="30" type="cond" truecount="4" falsecount="0"/>
          <line num="9" count="2" type="stmt"/>
          <line num="10" count="28" type="stmt"/>
          <line num="12" count="30" type="stmt"/>
          <line num="14" count="30" type="stmt"/>
          <line num="15" count="30" type="stmt"/>
          <line num="17" count="30" type="stmt"/>
          <line num="43" count="2" type="stmt"/>
          <line num="54" count="2" type="stmt"/>
          <line num="55" count="2" type="stmt"/>
          <line num="56" count="18" type="stmt"/>
          <line num="57" count="18" type="stmt"/>
          <line num="58" count="18" type="cond" truecount="2" falsecount="0"/>
          <line num="59" count="9" type="stmt"/>
          <line num="63" count="2" type="stmt"/>
          <line num="68" count="62" type="stmt"/>
          <line num="69" count="62" type="stmt"/>
          <line num="76" count="92" type="stmt"/>
          <line num="77" count="92" type="cond" truecount="1" falsecount="1"/>
          <line num="78" count="0" type="stmt"/>
          <line num="79" count="0" type="stmt"/>
          <line num="80" count="0" type="stmt"/>
          <line num="81" count="0" type="stmt"/>
          <line num="84" count="92" type="cond" truecount="2" falsecount="0"/>
          <line num="85" count="1" type="stmt"/>
          <line num="86" count="1" type="stmt"/>
          <line num="89" count="91" type="cond" truecount="2" falsecount="0"/>
          <line num="90" count="81" type="cond" truecount="1" falsecount="1"/>
          <line num="91" count="81" type="cond" truecount="2" falsecount="0"/>
          <line num="92" count="79" type="cond" truecount="2" falsecount="0"/>
          <line num="93" count="77" type="cond" truecount="2" falsecount="0"/>
          <line num="94" count="75" type="cond" truecount="3" falsecount="1"/>
          <line num="95" count="75" type="cond" truecount="1" falsecount="1"/>
          <line num="96" count="0" type="stmt"/>
          <line num="97" count="0" type="stmt"/>
          <line num="100" count="75" type="stmt"/>
          <line num="104" count="75" type="cond" truecount="1" falsecount="1"/>
          <line num="105" count="75" type="stmt"/>
          <line num="108" count="0" type="stmt"/>
          <line num="116" count="19" type="stmt"/>
          <line num="117" count="19" type="stmt"/>
          <line num="120" count="19" type="cond" truecount="2" falsecount="0"/>
          <line num="122" count="19" type="stmt"/>
          <line num="125" count="56" type="cond" truecount="2" falsecount="0"/>
          <line num="128" count="42" type="cond" truecount="2" falsecount="0"/>
          <line num="129" count="23" type="cond" truecount="4" falsecount="0"/>
          <line num="131" count="42" type="cond" truecount="4" falsecount="0"/>
          <line num="132" count="38" type="stmt"/>
          <line num="136" count="19" type="cond" truecount="2" falsecount="0"/>
          <line num="137" count="5" type="cond" truecount="2" falsecount="0"/>
          <line num="139" count="19" type="stmt"/>
          <line num="146" count="11" type="stmt"/>
          <line num="153" count="11" type="cond" truecount="2" falsecount="0"/>
          <line num="154" count="6" type="stmt"/>
          <line num="155" count="6" type="stmt"/>
          <line num="159" count="11" type="stmt"/>
          <line num="168" count="5" type="stmt"/>
          <line num="175" count="5" type="cond" truecount="1" falsecount="1"/>
          <line num="176" count="5" type="cond" truecount="2" falsecount="0"/>
          <line num="178" count="9" type="stmt"/>
          <line num="182" count="0" type="stmt"/>
          <line num="183" count="0" type="stmt"/>
          <line num="195" count="1" type="stmt"/>
          <line num="202" count="1" type="cond" truecount="1" falsecount="1"/>
          <line num="203" count="1" type="stmt"/>
          <line num="204" count="1" type="stmt"/>
          <line num="207" count="1" type="stmt"/>
          <line num="211" count="1" type="stmt"/>
          <line num="221" count="1" type="stmt"/>
          <line num="223" count="1" type="stmt"/>
          <line num="225" count="1" type="stmt"/>
          <line num="227" count="1" type="stmt"/>
          <line num="233" count="3" type="stmt"/>
          <line num="235" count="3" type="stmt"/>
          <line num="237" count="3" type="stmt"/>
          <line num="239" count="3" type="stmt"/>
          <line num="246" count="3" type="stmt"/>
          <line num="248" count="3" type="stmt"/>
          <line num="250" count="3" type="stmt"/>
          <line num="251" count="3" type="stmt"/>
          <line num="253" count="3" type="cond" truecount="2" falsecount="0"/>
          <line num="254" count="1" type="stmt"/>
          <line num="255" count="1" type="stmt"/>
          <line num="258" count="3" type="stmt"/>
          <line num="263" count="8" type="stmt"/>
          <line num="264" count="8" type="cond" truecount="2" falsecount="0"/>
          <line num="265" count="7" type="stmt"/>
          <line num="269" count="29" type="cond" truecount="3" falsecount="1"/>
          <line num="271" count="3" type="stmt"/>
          <line num="273" count="0" type="stmt"/>
          <line num="275" count="16" type="stmt"/>
          <line num="277" count="10" type="stmt"/>
          <line num="283" count="2" type="stmt"/>
          <line num="285" count="2" type="stmt"/>
          <line num="296" count="154" type="stmt"/>
          <line num="297" count="154" type="cond" truecount="2" falsecount="0"/>
          <line num="305" count="120" type="cond" truecount="2" falsecount="0"/>
          <line num="306" count="120" type="cond" truecount="2" falsecount="0"/>
          <line num="309" count="29" type="stmt"/>
          <line num="310" count="29" type="cond" truecount="1" falsecount="1"/>
          <line num="311" count="29" type="stmt"/>
          <line num="312" count="29" type="cond" truecount="1" falsecount="1"/>
          <line num="313" count="0" type="stmt"/>
          <line num="315" count="29" type="stmt"/>
          <line num="317" count="29" type="stmt"/>
          <line num="319" count="29" type="stmt"/>
          <line num="325" count="29" type="stmt"/>
          <line num="329" count="91" type="stmt"/>
          <line num="339" count="706" type="stmt"/>
          <line num="340" count="706" type="cond" truecount="5" falsecount="0"/>
          <line num="344" count="531" type="stmt"/>
          <line num="345" count="531" type="cond" truecount="5" falsecount="0"/>
          <line num="349" count="165" type="stmt"/>
          <line num="350" count="165" type="cond" truecount="5" falsecount="0"/>
          <line num="354" count="95" type="stmt"/>
          <line num="355" count="95" type="cond" truecount="5" falsecount="0"/>
          <line num="363" count="53" type="cond" truecount="2" falsecount="0"/>
          <line num="364" count="1" type="stmt"/>
          <line num="368" count="16" type="cond" truecount="2" falsecount="0"/>
          <line num="369" count="2" type="stmt"/>
          <line num="373" count="1" type="cond" truecount="1" falsecount="1"/>
          <line num="374" count="0" type="stmt"/>
          <line num="378" count="0" type="stmt"/>
          <line num="387" count="3" type="stmt"/>
        </file>
        <file name="RTEnvironment.js" path="/home/michael/Documents/apps/matjs/lib/RTEnvironment.js">
          <metrics statements="18" coveredstatements="17" conditionals="16" coveredconditionals="15" methods="7" coveredmethods="7"/>
          <line num="4" count="16" type="cond" truecount="2" falsecount="0"/>
          <line num="5" count="16" type="cond" truecount="2" falsecount="0"/>
          <line num="9" count="5" type="stmt"/>
          <line num="18" count="4" type="stmt"/>
          <line num="19" count="4" type="stmt"/>
          <line num="20" count="8" type="cond" truecount="2" falsecount="0"/>
          <line num="21" count="2" type="stmt"/>
          <line num="24" count="6" type="stmt"/>
          <line num="30" count="2" type="cond" truecount="2" falsecount="0"/>
          <line num="31" count="1" type="stmt"/>
          <line num="38" count="3" type="stmt"/>
          <line num="45" count="2" type="stmt"/>
          <line num="47" count="2" type="cond" truecount="4" falsecount="0"/>
          <line num="48" count="1" type="stmt"/>
          <line num="53" count="3" type="cond" truecount="3" falsecount="1"/>
          <line num="57" count="3" type="stmt"/>
          <line num="59" count="0" type="stmt"/>
          <line num="66" count="1" type="stmt"/>
        </file>
        <file name="TokenStream.js" path="/home/michael/Documents/apps/matjs/lib/TokenStream.js">
          <metrics statements="97" coveredstatements="93" conditionals="54" coveredconditionals="50" methods="27" coveredmethods="27"/>
          <line num="13" count="80" type="stmt"/>
          <line num="14" count="80" type="stmt"/>
          <line num="16" count="80" type="stmt"/>
          <line num="18" count="80" type="stmt"/>
          <line num="30" count="80" type="stmt"/>
          <line num="31" count="80" type="stmt"/>
          <line num="32" count="80" type="stmt"/>
          <line num="33" count="80" type="stmt"/>
          <line num="34" count="80" type="stmt"/>
          <line num="35" count="80" type="stmt"/>
          <line num="36" count="80" type="stmt"/>
          <line num="37" count="80" type="stmt"/>
          <line num="39" count="80" type="stmt"/>
          <line num="47" count="1582" type="cond" truecount="2" falsecount="0"/>
          <line num="51" count="186" type="stmt"/>
          <line num="52" count="186" type="stmt"/>
          <line num="53" count="186" type="cond" truecount="2" falsecount="0"/>
          <line num="57" count="79" type="stmt"/>
          <line num="62" count="258" type="stmt"/>
          <line num="64" count="258" type="cond" truecount="2" falsecount="0"/>
          <line num="68" count="234" type="stmt"/>
          <line num="69" count="234" type="cond" truecount="2" falsecount="0"/>
          <line num="70" count="22" type="stmt"/>
          <line num="71" count="22" type="stmt"/>
          <line num="78" count="212" type="cond" truecount="2" falsecount="0"/>
          <line num="80" count="208" type="cond" truecount="4" falsecount="0"/>
          <line num="82" count="186" type="cond" truecount="4" falsecount="0"/>
          <line num="84" count="183" type="cond" truecount="2" falsecount="0"/>
          <line num="86" count="89" type="cond" truecount="2" falsecount="0"/>
          <line num="88" count="33" type="cond" truecount="2" falsecount="0"/>
          <line num="89" count="32" type="stmt"/>
          <line num="90" count="32" type="stmt"/>
          <line num="93" count="1" type="stmt"/>
          <line num="102" count="99" type="stmt"/>
          <line num="106" count="300" type="stmt"/>
          <line num="110" count="212" type="stmt"/>
          <line num="114" count="539" type="stmt"/>
          <line num="118" count="537" type="cond" truecount="2" falsecount="0"/>
          <line num="122" count="96" type="stmt"/>
          <line num="126" count="98" type="stmt"/>
          <line num="130" count="413" type="stmt"/>
          <line num="134" count="210" type="stmt"/>
          <line num="135" count="210" type="cond" truecount="2" falsecount="0"/>
          <line num="148" count="438" type="stmt"/>
          <line num="149" count="438" type="stmt"/>
          <line num="153" count="1043" type="stmt"/>
          <line num="156" count="438" type="stmt"/>
          <line num="161" count="5" type="stmt"/>
          <line num="162" count="5" type="stmt"/>
          <line num="165" count="5" type="stmt"/>
          <line num="170" count="5" type="stmt"/>
          <line num="171" count="104" type="stmt"/>
          <line num="172" count="104" type="cond" truecount="1" falsecount="1"/>
          <line num="173" count="0" type="stmt"/>
          <line num="174" count="0" type="stmt"/>
          <line num="175" count="104" type="cond" truecount="1" falsecount="1"/>
          <line num="176" count="0" type="stmt"/>
          <line num="177" count="104" type="cond" truecount="2" falsecount="0"/>
          <line num="178" count="5" type="stmt"/>
          <line num="180" count="99" type="stmt"/>
          <line num="184" count="5" type="stmt"/>
          <line num="190" count="5" type="stmt"/>
          <line num="197" count="25" type="stmt"/>
          <line num="198" count="25" type="stmt"/>
          <line num="199" count="25" type="stmt"/>
          <line num="200" count="25" type="stmt"/>
          <line num="203" count="85" type="cond" truecount="2" falsecount="0"/>
          <line num="205" count="2" type="cond" truecount="1" falsecount="1"/>
          <line num="207" count="2" type="stmt"/>
          <line num="209" count="2" type="stmt"/>
          <line num="211" count="83" type="cond" truecount="2" falsecount="0"/>
          <line num="214" count="5" type="cond" truecount="2" falsecount="0"/>
          <line num="216" count="4" type="stmt"/>
          <line num="218" count="4" type="stmt"/>
          <line num="221" count="78" type="stmt"/>
          <line num="225" count="25" type="stmt"/>
          <line num="232" count="97" type="stmt"/>
          <line num="233" count="97" type="stmt"/>
          <line num="241" count="4" type="stmt"/>
          <line num="242" count="4" type="stmt"/>
          <line num="246" count="57" type="stmt"/>
          <line num="250" count="33" type="stmt"/>
          <line num="251" count="33" type="stmt"/>
          <line num="254" count="69" type="cond" truecount="4" falsecount="0"/>
          <line num="255" count="18" type="stmt"/>
          <line num="257" count="51" type="stmt"/>
          <line num="263" count="23" type="stmt"/>
          <line num="264" count="504" type="stmt"/>
          <line num="266" count="23" type="stmt"/>
          <line num="272" count="1" type="stmt"/>
          <line num="274" count="1" type="stmt"/>
          <line num="275" count="10" type="stmt"/>
          <line num="279" count="1" type="cond" truecount="1" falsecount="1"/>
          <line num="280" count="0" type="stmt"/>
          <line num="282" count="1" type="stmt"/>
          <line num="283" count="1" type="stmt"/>
          <line num="288" count="4" type="stmt"/>
        </file>
        <file name="Transpiler.js" path="/home/michael/Documents/apps/matjs/lib/Transpiler.js">
          <metrics statements="91" coveredstatements="89" conditionals="43" coveredconditionals="37" methods="28" coveredmethods="28"/>
          <line num="1" count="2" type="stmt"/>
          <line num="5" count="2" type="stmt"/>
          <line num="6" count="2" type="stmt"/>
          <line num="8" count="2" type="stmt"/>
          <line num="9" count="2" type="stmt"/>
          <line num="10" count="2" type="stmt"/>
          <line num="14" count="1" type="stmt"/>
          <line num="15" count="1" type="stmt"/>
          <line num="16" count="1" type="stmt"/>
          <line num="17" count="1" type="stmt"/>
          <line num="21" count="101" type="cond" truecount="11" falsecount="2"/>
          <line num="25" count="17" type="stmt"/>
          <line num="27" count="51" type="stmt"/>
          <line num="29" count="6" type="stmt"/>
          <line num="31" count="6" type="stmt"/>
          <line num="33" count="11" type="stmt"/>
          <line num="35" count="0" type="stmt"/>
          <line num="37" count="2" type="stmt"/>
          <line num="39" count="2" type="stmt"/>
          <line num="41" count="3" type="stmt"/>
          <line num="43" count="2" type="stmt"/>
          <line num="45" count="0" type="stmt"/>
          <line num="56" count="17" type="stmt"/>
          <line num="60" count="52" type="stmt"/>
          <line num="66" count="7" type="stmt"/>
          <line num="72" count="12" type="stmt"/>
          <line num="73" count="12" type="stmt"/>
          <line num="75" count="12" type="stmt"/>
          <line num="78" count="12" type="stmt"/>
          <line num="79" count="12" type="stmt"/>
          <line num="80" count="12" type="stmt"/>
          <line num="81" count="12" type="cond" truecount="2" falsecount="0"/>
          <line num="82" count="7" type="stmt"/>
          <line num="85" count="12" type="cond" truecount="2" falsecount="0"/>
          <line num="86" count="1" type="stmt"/>
          <line num="87" count="1" type="stmt"/>
          <line num="91" count="2" type="stmt"/>
          <line num="92" count="2" type="stmt"/>
          <line num="93" count="2" type="stmt"/>
          <line num="98" count="12" type="stmt"/>
          <line num="100" count="12" type="stmt"/>
          <line num="104" count="9" type="cond" truecount="3" falsecount="0"/>
          <line num="106" count="2" type="stmt"/>
          <line num="108" count="1" type="stmt"/>
          <line num="110" count="6" type="stmt"/>
          <line num="115" count="9" type="stmt"/>
          <line num="116" count="9" type="cond" truecount="3" falsecount="0"/>
          <line num="118" count="6" type="stmt"/>
          <line num="120" count="3" type="stmt"/>
          <line num="122" count="5" type="stmt"/>
          <line num="129" count="1" type="stmt"/>
          <line num="131" count="1" type="cond" truecount="1" falsecount="1"/>
          <line num="133" count="1" type="stmt"/>
          <line num="135" count="1" type="stmt"/>
          <line num="136" count="1" type="stmt"/>
          <line num="140" count="3" type="stmt"/>
          <line num="144" count="2" type="stmt"/>
          <line num="162" count="2" type="stmt"/>
          <line num="174" count="2" type="stmt"/>
          <line num="176" count="2" type="cond" truecount="1" falsecount="1"/>
          <line num="181" count="2" type="stmt"/>
          <line num="185" count="2" type="cond" truecount="1" falsecount="1"/>
          <line num="189" count="2" type="stmt"/>
          <line num="190" count="2" type="stmt"/>
          <line num="191" count="2" type="stmt"/>
          <line num="194" count="2" type="stmt"/>
          <line num="202" count="2" type="stmt"/>
          <line num="203" count="2" type="stmt"/>
          <line num="209" count="56" type="stmt"/>
          <line num="213" count="11" type="stmt"/>
          <line num="217" count="12" type="stmt"/>
          <line num="221" count="2" type="stmt"/>
          <line num="226" count="16" type="cond" truecount="3" falsecount="0"/>
          <line num="228" count="7" type="stmt"/>
          <line num="230" count="8" type="cond" truecount="2" falsecount="0"/>
          <line num="231" count="2" type="stmt"/>
          <line num="233" count="6" type="stmt"/>
          <line num="236" count="1" type="stmt"/>
          <line num="245" count="7" type="stmt"/>
          <line num="246" count="16" type="stmt"/>
          <line num="247" count="7" type="stmt"/>
          <line num="248" count="7" type="stmt"/>
          <line num="250" count="7" type="stmt"/>
          <line num="254" count="19" type="stmt"/>
          <line num="255" count="19" type="stmt"/>
          <line num="256" count="19" type="stmt"/>
          <line num="269" count="19" type="stmt"/>
          <line num="273" count="20" type="stmt"/>
          <line num="274" count="20" type="stmt"/>
          <line num="276" count="50" type="cond" truecount="2" falsecount="0"/>
          <line num="281" count="2" type="stmt"/>
        </file>
        <file name="index.js" path="/home/michael/Documents/apps/matjs/lib/index.js">
          <metrics statements="2" coveredstatements="2" conditionals="0" coveredconditionals="0" methods="0" coveredmethods="0"/>
          <line num="1" count="1" type="stmt"/>
          <line num="3" count="1" type="stmt"/>
        </file>
      </package>
    </metrics>
  </project>
</coverage>
