{"/home/michael/Documents/apps/matjs/__tests__/setupTests.js": {"path":"/home/michael/Documents/apps/matjs/__tests__/setupTests.js","statementMap":{"0":{"start":{"line":1,"column":19},"end":{"line":1,"column":34}},"1":{"start":{"line":4,"column":0},"end":{"line":4,"column":22}},"2":{"start":{"line":7,"column":2},"end":{"line":7,"column":46}},"3":{"start":{"line":10,"column":0},"end":{"line":10,"column":23}},"4":{"start":{"line":11,"column":0},"end":{"line":11,"column":23}}},"fnMap":{"0":{"name":"logger","decl":{"start":{"line":6,"column":9},"end":{"line":6,"column":15}},"loc":{"start":{"line":6,"column":23},"end":{"line":8,"column":1}},"line":6}},"branchMap":{},"s":{"0":6,"1":6,"2":0,"3":6,"4":6},"f":{"0":0},"b":{},"_coverageSchema":"332fd63041d2c1bcb487cc26dd0d5f7d97098a6c","hash":"c0b397c7d5a1570bc7529af62426de0629741fcd"}
,"/home/michael/Documents/apps/matjs/lib/InputStream.js": {"path":"/home/michael/Documents/apps/matjs/lib/InputStream.js","statementMap":{"0":{"start":{"line":5,"column":4},"end":{"line":5,"column":23}},"1":{"start":{"line":6,"column":4},"end":{"line":6,"column":17}},"2":{"start":{"line":7,"column":4},"end":{"line":7,"column":18}},"3":{"start":{"line":8,"column":4},"end":{"line":8,"column":17}},"4":{"start":{"line":13,"column":15},"end":{"line":13,"column":44}},"5":{"start":{"line":15,"column":4},"end":{"line":20,"column":5}},"6":{"start":{"line":16,"column":6},"end":{"line":16,"column":18}},"7":{"start":{"line":17,"column":6},"end":{"line":17,"column":19}},"8":{"start":{"line":19,"column":6},"end":{"line":19,"column":17}},"9":{"start":{"line":22,"column":4},"end":{"line":22,"column":14}},"10":{"start":{"line":26,"column":4},"end":{"line":26,"column":45}},"11":{"start":{"line":30,"column":4},"end":{"line":30,"column":30}},"12":{"start":{"line":34,"column":26},"end":{"line":34,"column":30}},"13":{"start":{"line":35,"column":4},"end":{"line":35,"column":47}},"14":{"start":{"line":39,"column":0},"end":{"line":39,"column":29}}},"fnMap":{"0":{"name":"(anonymous_0)","decl":{"start":{"line":4,"column":2},"end":{"line":4,"column":3}},"loc":{"start":{"line":4,"column":21},"end":{"line":9,"column":3}},"line":4},"1":{"name":"(anonymous_1)","decl":{"start":{"line":11,"column":2},"end":{"line":11,"column":3}},"loc":{"start":{"line":11,"column":9},"end":{"line":23,"column":3}},"line":11},"2":{"name":"(anonymous_2)","decl":{"start":{"line":25,"column":2},"end":{"line":25,"column":3}},"loc":{"start":{"line":25,"column":16},"end":{"line":27,"column":3}},"line":25},"3":{"name":"(anonymous_3)","decl":{"start":{"line":29,"column":2},"end":{"line":29,"column":3}},"loc":{"start":{"line":29,"column":8},"end":{"line":31,"column":3}},"line":29},"4":{"name":"(anonymous_4)","decl":{"start":{"line":33,"column":2},"end":{"line":33,"column":3}},"loc":{"start":{"line":33,"column":13},"end":{"line":36,"column":3}},"line":33}},"branchMap":{"0":{"loc":{"start":{"line":15,"column":4},"end":{"line":20,"column":5}},"type":"if","locations":[{"start":{"line":15,"column":4},"end":{"line":20,"column":5}},{"start":{"line":15,"column":4},"end":{"line":20,"column":5}}],"line":15},"1":{"loc":{"start":{"line":25,"column":7},"end":{"line":25,"column":14}},"type":"default-arg","locations":[{"start":{"line":25,"column":13},"end":{"line":25,"column":14}}],"line":25}},"s":{"0":92,"1":92,"2":92,"3":92,"4":1241,"5":1241,"6":56,"7":56,"8":1185,"9":1241,"10":3745,"11":1845,"12":6,"13":6,"14":5},"f":{"0":92,"1":1241,"2":3745,"3":1845,"4":6},"b":{"0":[56,1185],"1":[3300]},"_coverageSchema":"332fd63041d2c1bcb487cc26dd0d5f7d97098a6c","hash":"7619cb2e29214dd99d2b18b57c7dce5c82a9f420"}
,"/home/michael/Documents/apps/matjs/lib/Parser.js": {"path":"/home/michael/Documents/apps/matjs/lib/Parser.js","statementMap":{"0":{"start":{"line":1,"column":20},"end":{"line":1,"column":44}},"1":{"start":{"line":2,"column":20},"end":{"line":2,"column":44}},"2":{"start":{"line":6,"column":4},"end":{"line":6,"column":28}},"3":{"start":{"line":8,"column":4},"end":{"line":10,"column":28}},"4":{"start":{"line":9,"column":6},"end":{"line":9,"column":59}},"5":{"start":{"line":10,"column":9},"end":{"line":10,"column":28}},"6":{"start":{"line":12,"column":4},"end":{"line":12,"column":19}},"7":{"start":{"line":14,"column":4},"end":{"line":14,"column":48}},"8":{"start":{"line":15,"column":4},"end":{"line":15,"column":46}},"9":{"start":{"line":17,"column":4},"end":{"line":39,"column":6}},"10":{"start":{"line":43,"column":4},"end":{"line":43,"column":32}},"11":{"start":{"line":54,"column":17},"end":{"line":54,"column":19}},"12":{"start":{"line":55,"column":4},"end":{"line":61,"column":5}},"13":{"start":{"line":56,"column":19},"end":{"line":56,"column":41}},"14":{"start":{"line":57,"column":6},"end":{"line":57,"column":30}},"15":{"start":{"line":58,"column":6},"end":{"line":60,"column":7}},"16":{"start":{"line":59,"column":8},"end":{"line":59,"column":24}},"17":{"start":{"line":63,"column":4},"end":{"line":63,"column":40}},"18":{"start":{"line":68,"column":4},"end":{"line":70,"column":7}},"19":{"start":{"line":69,"column":6},"end":{"line":69,"column":51}},"20":{"start":{"line":76,"column":4},"end":{"line":110,"column":7}},"21":{"start":{"line":77,"column":6},"end":{"line":82,"column":7}},"22":{"start":{"line":78,"column":8},"end":{"line":78,"column":26}},"23":{"start":{"line":79,"column":21},"end":{"line":79,"column":53}},"24":{"start":{"line":80,"column":8},"end":{"line":80,"column":27}},"25":{"start":{"line":81,"column":8},"end":{"line":81,"column":20}},"26":{"start":{"line":84,"column":6},"end":{"line":87,"column":7}},"27":{"start":{"line":85,"column":21},"end":{"line":85,"column":46}},"28":{"start":{"line":86,"column":8},"end":{"line":86,"column":20}},"29":{"start":{"line":89,"column":6},"end":{"line":89,"column":54}},"30":{"start":{"line":89,"column":28},"end":{"line":89,"column":54}},"31":{"start":{"line":90,"column":6},"end":{"line":90,"column":52}},"32":{"start":{"line":90,"column":28},"end":{"line":90,"column":52}},"33":{"start":{"line":91,"column":6},"end":{"line":91,"column":51}},"34":{"start":{"line":91,"column":28},"end":{"line":91,"column":51}},"35":{"start":{"line":92,"column":6},"end":{"line":92,"column":49}},"36":{"start":{"line":92,"column":27},"end":{"line":92,"column":49}},"37":{"start":{"line":93,"column":6},"end":{"line":93,"column":54}},"38":{"start":{"line":93,"column":28},"end":{"line":93,"column":54}},"39":{"start":{"line":94,"column":6},"end":{"line":94,"column":75}},"40":{"start":{"line":94,"column":51},"end":{"line":94,"column":75}},"41":{"start":{"line":95,"column":6},"end":{"line":98,"column":7}},"42":{"start":{"line":96,"column":8},"end":{"line":96,"column":26}},"43":{"start":{"line":97,"column":8},"end":{"line":97,"column":27}},"44":{"start":{"line":100,"column":18},"end":{"line":100,"column":35}},"45":{"start":{"line":104,"column":6},"end":{"line":109,"column":7}},"46":{"start":{"line":105,"column":8},"end":{"line":105,"column":19}},"47":{"start":{"line":108,"column":8},"end":{"line":108,"column":29}},"48":{"start":{"line":116,"column":17},"end":{"line":116,"column":19}},"49":{"start":{"line":117,"column":16},"end":{"line":117,"column":20}},"50":{"start":{"line":120,"column":4},"end":{"line":120,"column":34}},"51":{"start":{"line":122,"column":4},"end":{"line":133,"column":5}},"52":{"start":{"line":125,"column":6},"end":{"line":125,"column":35}},"53":{"start":{"line":125,"column":29},"end":{"line":125,"column":35}},"54":{"start":{"line":128,"column":6},"end":{"line":129,"column":77}},"55":{"start":{"line":128,"column":17},"end":{"line":128,"column":31}},"56":{"start":{"line":129,"column":11},"end":{"line":129,"column":77}},"57":{"start":{"line":129,"column":52},"end":{"line":129,"column":77}},"58":{"start":{"line":131,"column":6},"end":{"line":131,"column":54}},"59":{"start":{"line":131,"column":48},"end":{"line":131,"column":54}},"60":{"start":{"line":132,"column":6},"end":{"line":132,"column":26}},"61":{"start":{"line":136,"column":4},"end":{"line":137,"column":48}},"62":{"start":{"line":136,"column":27},"end":{"line":136,"column":47}},"63":{"start":{"line":137,"column":9},"end":{"line":137,"column":48}},"64":{"start":{"line":137,"column":30},"end":{"line":137,"column":48}},"65":{"start":{"line":139,"column":4},"end":{"line":139,"column":16}},"66":{"start":{"line":146,"column":17},"end":{"line":150,"column":5}},"67":{"start":{"line":153,"column":4},"end":{"line":156,"column":5}},"68":{"start":{"line":154,"column":6},"end":{"line":154,"column":26}},"69":{"start":{"line":155,"column":6},"end":{"line":155,"column":28}},"70":{"start":{"line":159,"column":4},"end":{"line":159,"column":16}},"71":{"start":{"line":168,"column":17},"end":{"line":173,"column":5}},"72":{"start":{"line":175,"column":4},"end":{"line":175,"column":45}},"73":{"start":{"line":175,"column":27},"end":{"line":175,"column":45}},"74":{"start":{"line":176,"column":4},"end":{"line":176,"column":42}},"75":{"start":{"line":176,"column":27},"end":{"line":176,"column":42}},"76":{"start":{"line":178,"column":4},"end":{"line":178,"column":61}},"77":{"start":{"line":178,"column":53},"end":{"line":178,"column":57}},"78":{"start":{"line":182,"column":4},"end":{"line":182,"column":22}},"79":{"start":{"line":183,"column":4},"end":{"line":191,"column":6}},"80":{"start":{"line":195,"column":15},"end":{"line":199,"column":5}},"81":{"start":{"line":202,"column":4},"end":{"line":205,"column":5}},"82":{"start":{"line":203,"column":6},"end":{"line":203,"column":57}},"83":{"start":{"line":204,"column":6},"end":{"line":204,"column":29}},"84":{"start":{"line":207,"column":4},"end":{"line":207,"column":16}},"85":{"start":{"line":211,"column":4},"end":{"line":215,"column":6}},"86":{"start":{"line":221,"column":4},"end":{"line":221,"column":25}},"87":{"start":{"line":223,"column":17},"end":{"line":223,"column":39}},"88":{"start":{"line":225,"column":16},"end":{"line":225,"column":69}},"89":{"start":{"line":227,"column":4},"end":{"line":227,"column":15}},"90":{"start":{"line":233,"column":4},"end":{"line":233,"column":23}},"91":{"start":{"line":235,"column":17},"end":{"line":235,"column":39}},"92":{"start":{"line":237,"column":16},"end":{"line":237,"column":67}},"93":{"start":{"line":239,"column":4},"end":{"line":239,"column":15}},"94":{"start":{"line":246,"column":4},"end":{"line":246,"column":22}},"95":{"start":{"line":248,"column":17},"end":{"line":248,"column":39}},"96":{"start":{"line":250,"column":15},"end":{"line":250,"column":37}},"97":{"start":{"line":251,"column":14},"end":{"line":251,"column":52}},"98":{"start":{"line":253,"column":4},"end":{"line":256,"column":5}},"99":{"start":{"line":254,"column":6},"end":{"line":254,"column":24}},"100":{"start":{"line":255,"column":6},"end":{"line":255,"column":40}},"101":{"start":{"line":258,"column":4},"end":{"line":258,"column":15}},"102":{"start":{"line":263,"column":18},"end":{"line":263,"column":35}},"103":{"start":{"line":264,"column":4},"end":{"line":264,"column":70}},"104":{"start":{"line":264,"column":29},"end":{"line":264,"column":70}},"105":{"start":{"line":265,"column":4},"end":{"line":265,"column":23}},"106":{"start":{"line":269,"column":4},"end":{"line":278,"column":5}},"107":{"start":{"line":271,"column":8},"end":{"line":271,"column":25}},"108":{"start":{"line":273,"column":8},"end":{"line":273,"column":24}},"109":{"start":{"line":275,"column":8},"end":{"line":275,"column":24}},"110":{"start":{"line":277,"column":8},"end":{"line":277,"column":24}},"111":{"start":{"line":283,"column":18},"end":{"line":283,"column":35}},"112":{"start":{"line":285,"column":4},"end":{"line":288,"column":6}},"113":{"start":{"line":296,"column":4},"end":{"line":296,"column":18}},"114":{"start":{"line":297,"column":4},"end":{"line":297,"column":58}},"115":{"start":{"line":305,"column":16},"end":{"line":305,"column":51}},"116":{"start":{"line":306,"column":4},"end":{"line":327,"column":5}},"117":{"start":{"line":309,"column":23},"end":{"line":309,"column":49}},"118":{"start":{"line":310,"column":6},"end":{"line":326,"column":7}},"119":{"start":{"line":311,"column":8},"end":{"line":311,"column":26}},"120":{"start":{"line":312,"column":8},"end":{"line":316,"column":9}},"121":{"start":{"line":313,"column":10},"end":{"line":313,"column":51}},"122":{"start":{"line":315,"column":10},"end":{"line":315,"column":63}},"123":{"start":{"line":317,"column":8},"end":{"line":317,"column":53}},"124":{"start":{"line":319,"column":23},"end":{"line":324,"column":9}},"125":{"start":{"line":325,"column":8},"end":{"line":325,"column":49}},"126":{"start":{"line":329,"column":4},"end":{"line":329,"column":16}},"127":{"start":{"line":339,"column":16},"end":{"line":339,"column":33}},"128":{"start":{"line":340,"column":4},"end":{"line":340,"column":74}},"129":{"start":{"line":344,"column":16},"end":{"line":344,"column":33}},"130":{"start":{"line":345,"column":4},"end":{"line":345,"column":70}},"131":{"start":{"line":349,"column":16},"end":{"line":349,"column":33}},"132":{"start":{"line":350,"column":4},"end":{"line":350,"column":70}},"133":{"start":{"line":354,"column":16},"end":{"line":354,"column":33}},"134":{"start":{"line":355,"column":4},"end":{"line":355,"column":75}},"135":{"start":{"line":363,"column":4},"end":{"line":364,"column":60}},"136":{"start":{"line":363,"column":25},"end":{"line":363,"column":43}},"137":{"start":{"line":364,"column":9},"end":{"line":364,"column":60}},"138":{"start":{"line":368,"column":4},"end":{"line":369,"column":56}},"139":{"start":{"line":368,"column":23},"end":{"line":368,"column":41}},"140":{"start":{"line":369,"column":9},"end":{"line":369,"column":56}},"141":{"start":{"line":373,"column":4},"end":{"line":374,"column":57}},"142":{"start":{"line":373,"column":23},"end":{"line":373,"column":41}},"143":{"start":{"line":374,"column":9},"end":{"line":374,"column":57}},"144":{"start":{"line":378,"column":4},"end":{"line":380,"column":6}},"145":{"start":{"line":387,"column":0},"end":{"line":387,"column":24}}},"fnMap":{"0":{"name":"(anonymous_0)","decl":{"start":{"line":5,"column":2},"end":{"line":5,"column":3}},"loc":{"start":{"line":5,"column":26},"end":{"line":40,"column":3}},"line":5},"1":{"name":"(anonymous_1)","decl":{"start":{"line":42,"column":2},"end":{"line":42,"column":3}},"loc":{"start":{"line":42,"column":10},"end":{"line":44,"column":3}},"line":42},"2":{"name":"(anonymous_2)","decl":{"start":{"line":53,"column":2},"end":{"line":53,"column":3}},"loc":{"start":{"line":53,"column":18},"end":{"line":64,"column":3}},"line":53},"3":{"name":"(anonymous_3)","decl":{"start":{"line":67,"column":2},"end":{"line":67,"column":3}},"loc":{"start":{"line":67,"column":20},"end":{"line":71,"column":3}},"line":67},"4":{"name":"(anonymous_4)","decl":{"start":{"line":68,"column":26},"end":{"line":68,"column":27}},"loc":{"start":{"line":68,"column":32},"end":{"line":70,"column":5}},"line":68},"5":{"name":"(anonymous_5)","decl":{"start":{"line":75,"column":2},"end":{"line":75,"column":3}},"loc":{"start":{"line":75,"column":14},"end":{"line":111,"column":3}},"line":75},"6":{"name":"(anonymous_6)","decl":{"start":{"line":76,"column":26},"end":{"line":76,"column":27}},"loc":{"start":{"line":76,"column":32},"end":{"line":110,"column":5}},"line":76},"7":{"name":"(anonymous_7)","decl":{"start":{"line":113,"column":2},"end":{"line":113,"column":3}},"loc":{"start":{"line":113,"column":44},"end":{"line":140,"column":3}},"line":113},"8":{"name":"(anonymous_8)","decl":{"start":{"line":143,"column":2},"end":{"line":143,"column":3}},"loc":{"start":{"line":143,"column":18},"end":{"line":160,"column":3}},"line":143},"9":{"name":"(anonymous_9)","decl":{"start":{"line":162,"column":2},"end":{"line":162,"column":3}},"loc":{"start":{"line":162,"column":12},"end":{"line":162,"column":14}},"line":162},"10":{"name":"(anonymous_10)","decl":{"start":{"line":164,"column":2},"end":{"line":164,"column":3}},"loc":{"start":{"line":164,"column":14},"end":{"line":179,"column":3}},"line":164},"11":{"name":"(anonymous_11)","decl":{"start":{"line":178,"column":45},"end":{"line":178,"column":46}},"loc":{"start":{"line":178,"column":53},"end":{"line":178,"column":57}},"line":178},"12":{"name":"(anonymous_12)","decl":{"start":{"line":181,"column":2},"end":{"line":181,"column":3}},"loc":{"start":{"line":181,"column":30},"end":{"line":192,"column":3}},"line":181},"13":{"name":"(anonymous_13)","decl":{"start":{"line":194,"column":2},"end":{"line":194,"column":3}},"loc":{"start":{"line":194,"column":23},"end":{"line":208,"column":3}},"line":194},"14":{"name":"(anonymous_14)","decl":{"start":{"line":210,"column":2},"end":{"line":210,"column":3}},"loc":{"start":{"line":210,"column":14},"end":{"line":216,"column":3}},"line":210},"15":{"name":"(anonymous_15)","decl":{"start":{"line":219,"column":2},"end":{"line":219,"column":3}},"loc":{"start":{"line":219,"column":15},"end":{"line":228,"column":3}},"line":219},"16":{"name":"(anonymous_16)","decl":{"start":{"line":231,"column":2},"end":{"line":231,"column":3}},"loc":{"start":{"line":231,"column":13},"end":{"line":240,"column":3}},"line":231},"17":{"name":"(anonymous_17)","decl":{"start":{"line":243,"column":2},"end":{"line":243,"column":3}},"loc":{"start":{"line":243,"column":12},"end":{"line":259,"column":3}},"line":243},"18":{"name":"(anonymous_18)","decl":{"start":{"line":262,"column":2},"end":{"line":262,"column":3}},"loc":{"start":{"line":262,"column":17},"end":{"line":266,"column":3}},"line":262},"19":{"name":"(anonymous_19)","decl":{"start":{"line":268,"column":2},"end":{"line":268,"column":3}},"loc":{"start":{"line":268,"column":25},"end":{"line":279,"column":3}},"line":268},"20":{"name":"(anonymous_20)","decl":{"start":{"line":281,"column":2},"end":{"line":281,"column":3}},"loc":{"start":{"line":281,"column":14},"end":{"line":289,"column":3}},"line":281},"21":{"name":"(anonymous_21)","decl":{"start":{"line":295,"column":2},"end":{"line":295,"column":3}},"loc":{"start":{"line":295,"column":18},"end":{"line":298,"column":3}},"line":295},"22":{"name":"(anonymous_22)","decl":{"start":{"line":300,"column":2},"end":{"line":300,"column":3}},"loc":{"start":{"line":300,"column":29},"end":{"line":330,"column":3}},"line":300},"23":{"name":"(anonymous_23)","decl":{"start":{"line":338,"column":2},"end":{"line":338,"column":3}},"loc":{"start":{"line":338,"column":13},"end":{"line":341,"column":3}},"line":338},"24":{"name":"(anonymous_24)","decl":{"start":{"line":343,"column":2},"end":{"line":343,"column":3}},"loc":{"start":{"line":343,"column":11},"end":{"line":346,"column":3}},"line":343},"25":{"name":"(anonymous_25)","decl":{"start":{"line":348,"column":2},"end":{"line":348,"column":3}},"loc":{"start":{"line":348,"column":11},"end":{"line":351,"column":3}},"line":348},"26":{"name":"(anonymous_26)","decl":{"start":{"line":353,"column":2},"end":{"line":353,"column":3}},"loc":{"start":{"line":353,"column":20},"end":{"line":356,"column":3}},"line":353},"27":{"name":"(anonymous_27)","decl":{"start":{"line":362,"column":2},"end":{"line":362,"column":3}},"loc":{"start":{"line":362,"column":15},"end":{"line":365,"column":3}},"line":362},"28":{"name":"(anonymous_28)","decl":{"start":{"line":367,"column":2},"end":{"line":367,"column":3}},"loc":{"start":{"line":367,"column":13},"end":{"line":370,"column":3}},"line":367},"29":{"name":"(anonymous_29)","decl":{"start":{"line":372,"column":2},"end":{"line":372,"column":3}},"loc":{"start":{"line":372,"column":13},"end":{"line":375,"column":3}},"line":372},"30":{"name":"(anonymous_30)","decl":{"start":{"line":377,"column":2},"end":{"line":377,"column":3}},"loc":{"start":{"line":377,"column":18},"end":{"line":381,"column":3}},"line":377}},"branchMap":{"0":{"loc":{"start":{"line":5,"column":14},"end":{"line":5,"column":24}},"type":"default-arg","locations":[{"start":{"line":5,"column":22},"end":{"line":5,"column":24}}],"line":5},"1":{"loc":{"start":{"line":8,"column":4},"end":{"line":10,"column":28}},"type":"if","locations":[{"start":{"line":8,"column":4},"end":{"line":10,"column":28}},{"start":{"line":8,"column":4},"end":{"line":10,"column":28}}],"line":8},"2":{"loc":{"start":{"line":8,"column":8},"end":{"line":8,"column":43}},"type":"binary-expr","locations":[{"start":{"line":8,"column":8},"end":{"line":8,"column":14}},{"start":{"line":8,"column":18},"end":{"line":8,"column":43}}],"line":8},"3":{"loc":{"start":{"line":58,"column":6},"end":{"line":60,"column":7}},"type":"if","locations":[{"start":{"line":58,"column":6},"end":{"line":60,"column":7}},{"start":{"line":58,"column":6},"end":{"line":60,"column":7}}],"line":58},"4":{"loc":{"start":{"line":77,"column":6},"end":{"line":82,"column":7}},"type":"if","locations":[{"start":{"line":77,"column":6},"end":{"line":82,"column":7}},{"start":{"line":77,"column":6},"end":{"line":82,"column":7}}],"line":77},"5":{"loc":{"start":{"line":84,"column":6},"end":{"line":87,"column":7}},"type":"if","locations":[{"start":{"line":84,"column":6},"end":{"line":87,"column":7}},{"start":{"line":84,"column":6},"end":{"line":87,"column":7}}],"line":84},"6":{"loc":{"start":{"line":89,"column":6},"end":{"line":89,"column":54}},"type":"if","locations":[{"start":{"line":89,"column":6},"end":{"line":89,"column":54}},{"start":{"line":89,"column":6},"end":{"line":89,"column":54}}],"line":89},"7":{"loc":{"start":{"line":90,"column":6},"end":{"line":90,"column":52}},"type":"if","locations":[{"start":{"line":90,"column":6},"end":{"line":90,"column":52}},{"start":{"line":90,"column":6},"end":{"line":90,"column":52}}],"line":90},"8":{"loc":{"start":{"line":91,"column":6},"end":{"line":91,"column":51}},"type":"if","locations":[{"start":{"line":91,"column":6},"end":{"line":91,"column":51}},{"start":{"line":91,"column":6},"end":{"line":91,"column":51}}],"line":91},"9":{"loc":{"start":{"line":92,"column":6},"end":{"line":92,"column":49}},"type":"if","locations":[{"start":{"line":92,"column":6},"end":{"line":92,"column":49}},{"start":{"line":92,"column":6},"end":{"line":92,"column":49}}],"line":92},"10":{"loc":{"start":{"line":93,"column":6},"end":{"line":93,"column":54}},"type":"if","locations":[{"start":{"line":93,"column":6},"end":{"line":93,"column":54}},{"start":{"line":93,"column":6},"end":{"line":93,"column":54}}],"line":93},"11":{"loc":{"start":{"line":94,"column":6},"end":{"line":94,"column":75}},"type":"if","locations":[{"start":{"line":94,"column":6},"end":{"line":94,"column":75}},{"start":{"line":94,"column":6},"end":{"line":94,"column":75}}],"line":94},"12":{"loc":{"start":{"line":94,"column":10},"end":{"line":94,"column":49}},"type":"binary-expr","locations":[{"start":{"line":94,"column":10},"end":{"line":94,"column":27}},{"start":{"line":94,"column":31},"end":{"line":94,"column":49}}],"line":94},"13":{"loc":{"start":{"line":95,"column":6},"end":{"line":98,"column":7}},"type":"if","locations":[{"start":{"line":95,"column":6},"end":{"line":98,"column":7}},{"start":{"line":95,"column":6},"end":{"line":98,"column":7}}],"line":95},"14":{"loc":{"start":{"line":104,"column":6},"end":{"line":109,"column":7}},"type":"if","locations":[{"start":{"line":104,"column":6},"end":{"line":109,"column":7}},{"start":{"line":104,"column":6},"end":{"line":109,"column":7}}],"line":104},"15":{"loc":{"start":{"line":120,"column":4},"end":{"line":120,"column":33}},"type":"binary-expr","locations":[{"start":{"line":120,"column":4},"end":{"line":120,"column":9}},{"start":{"line":120,"column":13},"end":{"line":120,"column":33}}],"line":120},"16":{"loc":{"start":{"line":125,"column":6},"end":{"line":125,"column":35}},"type":"if","locations":[{"start":{"line":125,"column":6},"end":{"line":125,"column":35}},{"start":{"line":125,"column":6},"end":{"line":125,"column":35}}],"line":125},"17":{"loc":{"start":{"line":128,"column":6},"end":{"line":129,"column":77}},"type":"if","locations":[{"start":{"line":128,"column":6},"end":{"line":129,"column":77}},{"start":{"line":128,"column":6},"end":{"line":129,"column":77}}],"line":128},"18":{"loc":{"start":{"line":129,"column":11},"end":{"line":129,"column":77}},"type":"if","locations":[{"start":{"line":129,"column":11},"end":{"line":129,"column":77}},{"start":{"line":129,"column":11},"end":{"line":129,"column":77}}],"line":129},"19":{"loc":{"start":{"line":129,"column":15},"end":{"line":129,"column":50}},"type":"binary-expr","locations":[{"start":{"line":129,"column":15},"end":{"line":129,"column":24}},{"start":{"line":129,"column":28},"end":{"line":129,"column":50}}],"line":129},"20":{"loc":{"start":{"line":131,"column":6},"end":{"line":131,"column":54}},"type":"if","locations":[{"start":{"line":131,"column":6},"end":{"line":131,"column":54}},{"start":{"line":131,"column":6},"end":{"line":131,"column":54}}],"line":131},"21":{"loc":{"start":{"line":131,"column":10},"end":{"line":131,"column":46}},"type":"binary-expr","locations":[{"start":{"line":131,"column":10},"end":{"line":131,"column":27}},{"start":{"line":131,"column":31},"end":{"line":131,"column":46}}],"line":131},"22":{"loc":{"start":{"line":136,"column":4},"end":{"line":137,"column":48}},"type":"if","locations":[{"start":{"line":136,"column":4},"end":{"line":137,"column":48}},{"start":{"line":136,"column":4},"end":{"line":137,"column":48}}],"line":136},"23":{"loc":{"start":{"line":137,"column":9},"end":{"line":137,"column":48}},"type":"if","locations":[{"start":{"line":137,"column":9},"end":{"line":137,"column":48}},{"start":{"line":137,"column":9},"end":{"line":137,"column":48}}],"line":137},"24":{"loc":{"start":{"line":153,"column":4},"end":{"line":156,"column":5}},"type":"if","locations":[{"start":{"line":153,"column":4},"end":{"line":156,"column":5}},{"start":{"line":153,"column":4},"end":{"line":156,"column":5}}],"line":153},"25":{"loc":{"start":{"line":175,"column":4},"end":{"line":175,"column":45}},"type":"if","locations":[{"start":{"line":175,"column":4},"end":{"line":175,"column":45}},{"start":{"line":175,"column":4},"end":{"line":175,"column":45}}],"line":175},"26":{"loc":{"start":{"line":176,"column":4},"end":{"line":176,"column":42}},"type":"if","locations":[{"start":{"line":176,"column":4},"end":{"line":176,"column":42}},{"start":{"line":176,"column":4},"end":{"line":176,"column":42}}],"line":176},"27":{"loc":{"start":{"line":202,"column":4},"end":{"line":205,"column":5}},"type":"if","locations":[{"start":{"line":202,"column":4},"end":{"line":205,"column":5}},{"start":{"line":202,"column":4},"end":{"line":205,"column":5}}],"line":202},"28":{"loc":{"start":{"line":253,"column":4},"end":{"line":256,"column":5}},"type":"if","locations":[{"start":{"line":253,"column":4},"end":{"line":256,"column":5}},{"start":{"line":253,"column":4},"end":{"line":256,"column":5}}],"line":253},"29":{"loc":{"start":{"line":264,"column":4},"end":{"line":264,"column":70}},"type":"if","locations":[{"start":{"line":264,"column":4},"end":{"line":264,"column":70}},{"start":{"line":264,"column":4},"end":{"line":264,"column":70}}],"line":264},"30":{"loc":{"start":{"line":269,"column":4},"end":{"line":278,"column":5}},"type":"switch","locations":[{"start":{"line":270,"column":6},"end":{"line":271,"column":25}},{"start":{"line":272,"column":6},"end":{"line":273,"column":24}},{"start":{"line":274,"column":6},"end":{"line":275,"column":24}},{"start":{"line":276,"column":6},"end":{"line":277,"column":24}}],"line":269},"31":{"loc":{"start":{"line":297,"column":11},"end":{"line":297,"column":57}},"type":"cond-expr","locations":[{"start":{"line":297,"column":30},"end":{"line":297,"column":50}},{"start":{"line":297,"column":53},"end":{"line":297,"column":57}}],"line":297},"32":{"loc":{"start":{"line":305,"column":16},"end":{"line":305,"column":51}},"type":"binary-expr","locations":[{"start":{"line":305,"column":16},"end":{"line":305,"column":27}},{"start":{"line":305,"column":31},"end":{"line":305,"column":51}}],"line":305},"33":{"loc":{"start":{"line":306,"column":4},"end":{"line":327,"column":5}},"type":"if","locations":[{"start":{"line":306,"column":4},"end":{"line":327,"column":5}},{"start":{"line":306,"column":4},"end":{"line":327,"column":5}}],"line":306},"34":{"loc":{"start":{"line":310,"column":6},"end":{"line":326,"column":7}},"type":"if","locations":[{"start":{"line":310,"column":6},"end":{"line":326,"column":7}},{"start":{"line":310,"column":6},"end":{"line":326,"column":7}}],"line":310},"35":{"loc":{"start":{"line":312,"column":8},"end":{"line":316,"column":9}},"type":"if","locations":[{"start":{"line":312,"column":8},"end":{"line":316,"column":9}},{"start":{"line":312,"column":8},"end":{"line":316,"column":9}}],"line":312},"36":{"loc":{"start":{"line":340,"column":11},"end":{"line":340,"column":73}},"type":"binary-expr","locations":[{"start":{"line":340,"column":11},"end":{"line":340,"column":14}},{"start":{"line":340,"column":18},"end":{"line":340,"column":37}},{"start":{"line":340,"column":42},"end":{"line":340,"column":45}},{"start":{"line":340,"column":49},"end":{"line":340,"column":65}},{"start":{"line":340,"column":70},"end":{"line":340,"column":73}}],"line":340},"37":{"loc":{"start":{"line":345,"column":11},"end":{"line":345,"column":69}},"type":"binary-expr","locations":[{"start":{"line":345,"column":11},"end":{"line":345,"column":14}},{"start":{"line":345,"column":18},"end":{"line":345,"column":34}},{"start":{"line":345,"column":39},"end":{"line":345,"column":42}},{"start":{"line":345,"column":46},"end":{"line":345,"column":61}},{"start":{"line":345,"column":66},"end":{"line":345,"column":69}}],"line":345},"38":{"loc":{"start":{"line":350,"column":11},"end":{"line":350,"column":69}},"type":"binary-expr","locations":[{"start":{"line":350,"column":11},"end":{"line":350,"column":14}},{"start":{"line":350,"column":18},"end":{"line":350,"column":34}},{"start":{"line":350,"column":39},"end":{"line":350,"column":42}},{"start":{"line":350,"column":46},"end":{"line":350,"column":61}},{"start":{"line":350,"column":66},"end":{"line":350,"column":69}}],"line":350},"39":{"loc":{"start":{"line":355,"column":11},"end":{"line":355,"column":74}},"type":"binary-expr","locations":[{"start":{"line":355,"column":11},"end":{"line":355,"column":14}},{"start":{"line":355,"column":18},"end":{"line":355,"column":39}},{"start":{"line":355,"column":44},"end":{"line":355,"column":47}},{"start":{"line":355,"column":51},"end":{"line":355,"column":66}},{"start":{"line":355,"column":71},"end":{"line":355,"column":74}}],"line":355},"40":{"loc":{"start":{"line":363,"column":4},"end":{"line":364,"column":60}},"type":"if","locations":[{"start":{"line":363,"column":4},"end":{"line":364,"column":60}},{"start":{"line":363,"column":4},"end":{"line":364,"column":60}}],"line":363},"41":{"loc":{"start":{"line":368,"column":4},"end":{"line":369,"column":56}},"type":"if","locations":[{"start":{"line":368,"column":4},"end":{"line":369,"column":56}},{"start":{"line":368,"column":4},"end":{"line":369,"column":56}}],"line":368},"42":{"loc":{"start":{"line":373,"column":4},"end":{"line":374,"column":57}},"type":"if","locations":[{"start":{"line":373,"column":4},"end":{"line":374,"column":57}},{"start":{"line":373,"column":4},"end":{"line":374,"column":57}}],"line":373},"43":{"loc":{"start":{"line":379,"column":42},"end":{"line":379,"column":66}},"type":"binary-expr","locations":[{"start":{"line":379,"column":42},"end":{"line":379,"column":45}},{"start":{"line":379,"column":49},"end":{"line":379,"column":66}}],"line":379}},"s":{"0":3,"1":3,"2":30,"3":30,"4":2,"5":28,"6":30,"7":30,"8":30,"9":30,"10":2,"11":2,"12":2,"13":18,"14":18,"15":18,"16":9,"17":2,"18":62,"19":62,"20":92,"21":92,"22":0,"23":0,"24":0,"25":0,"26":92,"27":1,"28":1,"29":91,"30":10,"31":81,"32":0,"33":81,"34":2,"35":79,"36":2,"37":77,"38":2,"39":75,"40":0,"41":75,"42":0,"43":0,"44":75,"45":75,"46":75,"47":0,"48":19,"49":19,"50":19,"51":19,"52":56,"53":14,"54":42,"55":19,"56":23,"57":13,"58":42,"59":4,"60":38,"61":19,"62":14,"63":5,"64":4,"65":19,"66":11,"67":11,"68":6,"69":6,"70":11,"71":5,"72":5,"73":0,"74":5,"75":2,"76":3,"77":9,"78":0,"79":0,"80":1,"81":1,"82":1,"83":1,"84":1,"85":1,"86":1,"87":1,"88":1,"89":1,"90":3,"91":3,"92":3,"93":3,"94":3,"95":3,"96":3,"97":3,"98":3,"99":1,"100":1,"101":3,"102":8,"103":8,"104":1,"105":7,"106":29,"107":3,"108":0,"109":16,"110":10,"111":2,"112":2,"113":154,"114":154,"115":120,"116":120,"117":29,"118":29,"119":29,"120":29,"121":0,"122":29,"123":29,"124":29,"125":29,"126":91,"127":706,"128":706,"129":531,"130":531,"131":165,"132":165,"133":95,"134":95,"135":53,"136":52,"137":1,"138":16,"139":14,"140":2,"141":1,"142":1,"143":0,"144":0,"145":3},"f":{"0":30,"1":2,"2":2,"3":62,"4":62,"5":92,"6":92,"7":19,"8":11,"9":0,"10":5,"11":9,"12":0,"13":1,"14":1,"15":1,"16":3,"17":3,"18":8,"19":29,"20":2,"21":154,"22":120,"23":706,"24":531,"25":165,"26":95,"27":53,"28":16,"29":1,"30":0},"b":{"0":[1],"1":[2,28],"2":[30,29],"3":[9,9],"4":[0,92],"5":[1,91],"6":[10,81],"7":[0,81],"8":[2,79],"9":[2,77],"10":[2,75],"11":[0,75],"12":[75,75],"13":[0,75],"14":[75,0],"15":[19,14],"16":[14,42],"17":[19,23],"18":[13,10],"19":[23,23],"20":[4,38],"21":[42,42],"22":[14,5],"23":[4,1],"24":[6,5],"25":[0,5],"26":[2,3],"27":[1,0],"28":[1,2],"29":[1,7],"30":[3,0,16,10],"31":[9,145],"32":[120,94],"33":[29,91],"34":[29,0],"35":[0,29],"36":[706,701,225,225,114],"37":[531,529,39,39,30],"38":[165,159,36,10,35],"39":[95,91,4,1,4],"40":[52,1],"41":[14,2],"42":[1,0],"43":[0,0]},"_coverageSchema":"332fd63041d2c1bcb487cc26dd0d5f7d97098a6c","hash":"54132fbc6518d189895422a764c9182715b64268"}
,"/home/michael/Documents/apps/matjs/lib/RTEnvironment.js": {"path":"/home/michael/Documents/apps/matjs/lib/RTEnvironment.js","statementMap":{"0":{"start":{"line":4,"column":4},"end":{"line":4,"column":59}},"1":{"start":{"line":5,"column":4},"end":{"line":5,"column":33}},"2":{"start":{"line":9,"column":4},"end":{"line":9,"column":35}},"3":{"start":{"line":18,"column":16},"end":{"line":18,"column":20}},"4":{"start":{"line":19,"column":4},"end":{"line":25,"column":5}},"5":{"start":{"line":20,"column":6},"end":{"line":22,"column":7}},"6":{"start":{"line":21,"column":8},"end":{"line":21,"column":21}},"7":{"start":{"line":24,"column":6},"end":{"line":24,"column":27}},"8":{"start":{"line":30,"column":4},"end":{"line":31,"column":56}},"9":{"start":{"line":30,"column":25},"end":{"line":30,"column":48}},"10":{"start":{"line":31,"column":9},"end":{"line":31,"column":56}},"11":{"start":{"line":38,"column":4},"end":{"line":38,"column":37}},"12":{"start":{"line":45,"column":18},"end":{"line":45,"column":35}},"13":{"start":{"line":47,"column":4},"end":{"line":47,"column":78}},"14":{"start":{"line":47,"column":31},"end":{"line":47,"column":78}},"15":{"start":{"line":48,"column":4},"end":{"line":48,"column":29}},"16":{"start":{"line":53,"column":4},"end":{"line":62,"column":5}},"17":{"start":{"line":57,"column":8},"end":{"line":57,"column":25}},"18":{"start":{"line":59,"column":8},"end":{"line":61,"column":10}},"19":{"start":{"line":66,"column":0},"end":{"line":66,"column":31}}},"fnMap":{"0":{"name":"(anonymous_0)","decl":{"start":{"line":2,"column":2},"end":{"line":2,"column":3}},"loc":{"start":{"line":2,"column":22},"end":{"line":6,"column":3}},"line":2},"1":{"name":"(anonymous_1)","decl":{"start":{"line":8,"column":2},"end":{"line":8,"column":3}},"loc":{"start":{"line":8,"column":11},"end":{"line":10,"column":3}},"line":8},"2":{"name":"(anonymous_2)","decl":{"start":{"line":13,"column":2},"end":{"line":13,"column":3}},"loc":{"start":{"line":13,"column":15},"end":{"line":26,"column":3}},"line":13},"3":{"name":"(anonymous_3)","decl":{"start":{"line":29,"column":2},"end":{"line":29,"column":3}},"loc":{"start":{"line":29,"column":12},"end":{"line":32,"column":3}},"line":29},"4":{"name":"(anonymous_4)","decl":{"start":{"line":37,"column":2},"end":{"line":37,"column":3}},"loc":{"start":{"line":37,"column":19},"end":{"line":39,"column":3}},"line":37},"5":{"name":"(anonymous_5)","decl":{"start":{"line":44,"column":2},"end":{"line":44,"column":3}},"loc":{"start":{"line":44,"column":19},"end":{"line":49,"column":3}},"line":44},"6":{"name":"(anonymous_6)","decl":{"start":{"line":52,"column":2},"end":{"line":52,"column":3}},"loc":{"start":{"line":52,"column":21},"end":{"line":63,"column":3}},"line":52}},"branchMap":{"0":{"loc":{"start":{"line":4,"column":30},"end":{"line":4,"column":57}},"type":"cond-expr","locations":[{"start":{"line":4,"column":39},"end":{"line":4,"column":50}},{"start":{"line":4,"column":53},"end":{"line":4,"column":57}}],"line":4},"1":{"loc":{"start":{"line":5,"column":18},"end":{"line":5,"column":32}},"type":"binary-expr","locations":[{"start":{"line":5,"column":18},"end":{"line":5,"column":24}},{"start":{"line":5,"column":28},"end":{"line":5,"column":32}}],"line":5},"2":{"loc":{"start":{"line":20,"column":6},"end":{"line":22,"column":7}},"type":"if","locations":[{"start":{"line":20,"column":6},"end":{"line":22,"column":7}},{"start":{"line":20,"column":6},"end":{"line":22,"column":7}}],"line":20},"3":{"loc":{"start":{"line":30,"column":4},"end":{"line":31,"column":56}},"type":"if","locations":[{"start":{"line":30,"column":4},"end":{"line":31,"column":56}},{"start":{"line":30,"column":4},"end":{"line":31,"column":56}}],"line":30},"4":{"loc":{"start":{"line":47,"column":4},"end":{"line":47,"column":78}},"type":"if","locations":[{"start":{"line":47,"column":4},"end":{"line":47,"column":78}},{"start":{"line":47,"column":4},"end":{"line":47,"column":78}}],"line":47},"5":{"loc":{"start":{"line":47,"column":8},"end":{"line":47,"column":29}},"type":"binary-expr","locations":[{"start":{"line":47,"column":8},"end":{"line":47,"column":14}},{"start":{"line":47,"column":18},"end":{"line":47,"column":29}}],"line":47},"6":{"loc":{"start":{"line":53,"column":4},"end":{"line":62,"column":5}},"type":"switch","locations":[{"start":{"line":54,"column":6},"end":{"line":54,"column":17}},{"start":{"line":55,"column":6},"end":{"line":55,"column":17}},{"start":{"line":56,"column":6},"end":{"line":57,"column":25}},{"start":{"line":58,"column":6},"end":{"line":61,"column":10}}],"line":53}},"s":{"0":16,"1":16,"2":5,"3":4,"4":4,"5":8,"6":2,"7":6,"8":2,"9":1,"10":1,"11":3,"12":2,"13":2,"14":1,"15":1,"16":3,"17":3,"18":0,"19":1},"f":{"0":16,"1":5,"2":4,"3":2,"4":3,"5":2,"6":3},"b":{"0":[5,11],"1":[16,11],"2":[2,6],"3":[1,1],"4":[1,1],"5":[2,1],"6":[1,2,3,0]},"_coverageSchema":"332fd63041d2c1bcb487cc26dd0d5f7d97098a6c","hash":"808bc8814d740c0cd36f3609f04d07dcad3c30d0"}
,"/home/michael/Documents/apps/matjs/lib/TokenStream.js": {"path":"/home/michael/Documents/apps/matjs/lib/TokenStream.js","statementMap":{"0":{"start":{"line":13,"column":4},"end":{"line":13,"column":24}},"1":{"start":{"line":14,"column":4},"end":{"line":14,"column":23}},"2":{"start":{"line":16,"column":4},"end":{"line":16,"column":19}},"3":{"start":{"line":18,"column":4},"end":{"line":29,"column":6}},"4":{"start":{"line":30,"column":4},"end":{"line":30,"column":54}},"5":{"start":{"line":31,"column":4},"end":{"line":31,"column":31}},"6":{"start":{"line":32,"column":4},"end":{"line":32,"column":41}},"7":{"start":{"line":33,"column":4},"end":{"line":33,"column":33}},"8":{"start":{"line":34,"column":4},"end":{"line":34,"column":33}},"9":{"start":{"line":35,"column":4},"end":{"line":35,"column":37}},"10":{"start":{"line":36,"column":4},"end":{"line":36,"column":37}},"11":{"start":{"line":37,"column":4},"end":{"line":37,"column":40}},"12":{"start":{"line":39,"column":4},"end":{"line":39,"column":41}},"13":{"start":{"line":47,"column":4},"end":{"line":47,"column":63}},"14":{"start":{"line":51,"column":16},"end":{"line":51,"column":28}},"15":{"start":{"line":52,"column":4},"end":{"line":52,"column":24}},"16":{"start":{"line":53,"column":4},"end":{"line":53,"column":34}},"17":{"start":{"line":57,"column":4},"end":{"line":57,"column":32}},"18":{"start":{"line":62,"column":4},"end":{"line":62,"column":38}},"19":{"start":{"line":64,"column":4},"end":{"line":64,"column":38}},"20":{"start":{"line":64,"column":26},"end":{"line":64,"column":38}},"21":{"start":{"line":68,"column":15},"end":{"line":68,"column":35}},"22":{"start":{"line":69,"column":4},"end":{"line":72,"column":5}},"23":{"start":{"line":70,"column":6},"end":{"line":70,"column":25}},"24":{"start":{"line":71,"column":6},"end":{"line":71,"column":32}},"25":{"start":{"line":78,"column":4},"end":{"line":93,"column":61}},"26":{"start":{"line":78,"column":32},"end":{"line":78,"column":62}},"27":{"start":{"line":80,"column":9},"end":{"line":93,"column":61}},"28":{"start":{"line":80,"column":54},"end":{"line":80,"column":79}},"29":{"start":{"line":82,"column":9},"end":{"line":93,"column":61}},"30":{"start":{"line":82,"column":39},"end":{"line":82,"column":64}},"31":{"start":{"line":84,"column":9},"end":{"line":93,"column":61}},"32":{"start":{"line":84,"column":28},"end":{"line":84,"column":57}},"33":{"start":{"line":86,"column":9},"end":{"line":93,"column":61}},"34":{"start":{"line":86,"column":30},"end":{"line":86,"column":53}},"35":{"start":{"line":88,"column":9},"end":{"line":93,"column":61}},"36":{"start":{"line":89,"column":17},"end":{"line":89,"column":30}},"37":{"start":{"line":90,"column":6},"end":{"line":90,"column":16}},"38":{"start":{"line":93,"column":9},"end":{"line":93,"column":61}},"39":{"start":{"line":102,"column":4},"end":{"line":102,"column":59}},"40":{"start":{"line":106,"column":4},"end":{"line":106,"column":37}},"41":{"start":{"line":110,"column":4},"end":{"line":110,"column":51}},"42":{"start":{"line":114,"column":4},"end":{"line":114,"column":41}},"43":{"start":{"line":118,"column":4},"end":{"line":118,"column":68}},"44":{"start":{"line":122,"column":4},"end":{"line":122,"column":48}},"45":{"start":{"line":126,"column":4},"end":{"line":126,"column":44}},"46":{"start":{"line":130,"column":4},"end":{"line":130,"column":50}},"47":{"start":{"line":134,"column":19},"end":{"line":134,"column":37}},"48":{"start":{"line":135,"column":4},"end":{"line":135,"column":46}},"49":{"start":{"line":148,"column":14},"end":{"line":148,"column":16}},"50":{"start":{"line":149,"column":4},"end":{"line":154,"column":5}},"51":{"start":{"line":153,"column":6},"end":{"line":153,"column":31}},"52":{"start":{"line":156,"column":4},"end":{"line":156,"column":15}},"53":{"start":{"line":161,"column":18},"end":{"line":161,"column":23}},"54":{"start":{"line":162,"column":14},"end":{"line":162,"column":16}},"55":{"start":{"line":165,"column":4},"end":{"line":165,"column":22}},"56":{"start":{"line":170,"column":4},"end":{"line":182,"column":5}},"57":{"start":{"line":171,"column":17},"end":{"line":171,"column":34}},"58":{"start":{"line":172,"column":6},"end":{"line":181,"column":7}},"59":{"start":{"line":173,"column":8},"end":{"line":173,"column":18}},"60":{"start":{"line":174,"column":8},"end":{"line":174,"column":24}},"61":{"start":{"line":175,"column":13},"end":{"line":181,"column":7}},"62":{"start":{"line":176,"column":8},"end":{"line":176,"column":32}},"63":{"start":{"line":177,"column":13},"end":{"line":181,"column":7}},"64":{"start":{"line":178,"column":8},"end":{"line":178,"column":14}},"65":{"start":{"line":180,"column":8},"end":{"line":180,"column":18}},"66":{"start":{"line":184,"column":4},"end":{"line":184,"column":15}},"67":{"start":{"line":190,"column":4},"end":{"line":193,"column":6}},"68":{"start":{"line":197,"column":18},"end":{"line":197,"column":22}},"69":{"start":{"line":198,"column":17},"end":{"line":198,"column":22}},"70":{"start":{"line":199,"column":21},"end":{"line":199,"column":26}},"71":{"start":{"line":200,"column":17},"end":{"line":222,"column":6}},"72":{"start":{"line":203,"column":6},"end":{"line":210,"column":7}},"73":{"start":{"line":205,"column":8},"end":{"line":205,"column":37}},"74":{"start":{"line":205,"column":24},"end":{"line":205,"column":37}},"75":{"start":{"line":207,"column":8},"end":{"line":207,"column":26}},"76":{"start":{"line":209,"column":8},"end":{"line":209,"column":20}},"77":{"start":{"line":211,"column":6},"end":{"line":219,"column":7}},"78":{"start":{"line":214,"column":8},"end":{"line":214,"column":33}},"79":{"start":{"line":214,"column":20},"end":{"line":214,"column":33}},"80":{"start":{"line":216,"column":8},"end":{"line":216,"column":22}},"81":{"start":{"line":218,"column":8},"end":{"line":218,"column":20}},"82":{"start":{"line":221,"column":6},"end":{"line":221,"column":31}},"83":{"start":{"line":225,"column":4},"end":{"line":228,"column":6}},"84":{"start":{"line":232,"column":13},"end":{"line":232,"column":38}},"85":{"start":{"line":233,"column":4},"end":{"line":236,"column":6}},"86":{"start":{"line":241,"column":22},"end":{"line":241,"column":39}},"87":{"start":{"line":242,"column":4},"end":{"line":242,"column":63}},"88":{"start":{"line":246,"column":4},"end":{"line":246,"column":54}},"89":{"start":{"line":250,"column":18},"end":{"line":250,"column":22}},"90":{"start":{"line":251,"column":4},"end":{"line":259,"column":6}},"91":{"start":{"line":254,"column":8},"end":{"line":256,"column":9}},"92":{"start":{"line":255,"column":10},"end":{"line":255,"column":23}},"93":{"start":{"line":257,"column":8},"end":{"line":257,"column":34}},"94":{"start":{"line":263,"column":4},"end":{"line":265,"column":7}},"95":{"start":{"line":264,"column":6},"end":{"line":264,"column":24}},"96":{"start":{"line":266,"column":4},"end":{"line":266,"column":22}},"97":{"start":{"line":272,"column":20},"end":{"line":272,"column":23}},"98":{"start":{"line":274,"column":4},"end":{"line":278,"column":5}},"99":{"start":{"line":275,"column":6},"end":{"line":277,"column":8}},"100":{"start":{"line":279,"column":4},"end":{"line":284,"column":5}},"101":{"start":{"line":280,"column":6},"end":{"line":280,"column":33}},"102":{"start":{"line":282,"column":6},"end":{"line":282,"column":32}},"103":{"start":{"line":283,"column":6},"end":{"line":283,"column":47}},"104":{"start":{"line":288,"column":0},"end":{"line":288,"column":29}}},"fnMap":{"0":{"name":"(anonymous_0)","decl":{"start":{"line":12,"column":2},"end":{"line":12,"column":3}},"loc":{"start":{"line":12,"column":21},"end":{"line":40,"column":3}},"line":12},"1":{"name":"(anonymous_1)","decl":{"start":{"line":46,"column":2},"end":{"line":46,"column":3}},"loc":{"start":{"line":46,"column":16},"end":{"line":48,"column":3}},"line":46},"2":{"name":"(anonymous_2)","decl":{"start":{"line":50,"column":2},"end":{"line":50,"column":3}},"loc":{"start":{"line":50,"column":9},"end":{"line":54,"column":3}},"line":50},"3":{"name":"(anonymous_3)","decl":{"start":{"line":56,"column":2},"end":{"line":56,"column":3}},"loc":{"start":{"line":56,"column":8},"end":{"line":58,"column":3}},"line":56},"4":{"name":"(anonymous_4)","decl":{"start":{"line":60,"column":2},"end":{"line":60,"column":3}},"loc":{"start":{"line":60,"column":20},"end":{"line":94,"column":3}},"line":60},"5":{"name":"(anonymous_5)","decl":{"start":{"line":100,"column":2},"end":{"line":100,"column":3}},"loc":{"start":{"line":100,"column":16},"end":{"line":103,"column":3}},"line":100},"6":{"name":"(anonymous_6)","decl":{"start":{"line":105,"column":2},"end":{"line":105,"column":3}},"loc":{"start":{"line":105,"column":14},"end":{"line":107,"column":3}},"line":105},"7":{"name":"(anonymous_7)","decl":{"start":{"line":109,"column":2},"end":{"line":109,"column":3}},"loc":{"start":{"line":109,"column":20},"end":{"line":111,"column":3}},"line":109},"8":{"name":"(anonymous_8)","decl":{"start":{"line":113,"column":2},"end":{"line":113,"column":3}},"loc":{"start":{"line":113,"column":16},"end":{"line":115,"column":3}},"line":113},"9":{"name":"(anonymous_9)","decl":{"start":{"line":117,"column":2},"end":{"line":117,"column":3}},"loc":{"start":{"line":117,"column":11},"end":{"line":119,"column":3}},"line":117},"10":{"name":"(anonymous_10)","decl":{"start":{"line":121,"column":2},"end":{"line":121,"column":3}},"loc":{"start":{"line":121,"column":15},"end":{"line":123,"column":3}},"line":121},"11":{"name":"(anonymous_11)","decl":{"start":{"line":125,"column":2},"end":{"line":125,"column":3}},"loc":{"start":{"line":125,"column":13},"end":{"line":127,"column":3}},"line":125},"12":{"name":"(anonymous_12)","decl":{"start":{"line":129,"column":2},"end":{"line":129,"column":3}},"loc":{"start":{"line":129,"column":19},"end":{"line":131,"column":3}},"line":129},"13":{"name":"(anonymous_13)","decl":{"start":{"line":133,"column":2},"end":{"line":133,"column":3}},"loc":{"start":{"line":133,"column":17},"end":{"line":136,"column":3}},"line":133},"14":{"name":"(anonymous_14)","decl":{"start":{"line":145,"column":2},"end":{"line":145,"column":3}},"loc":{"start":{"line":145,"column":23},"end":{"line":157,"column":3}},"line":145},"15":{"name":"(anonymous_15)","decl":{"start":{"line":159,"column":2},"end":{"line":159,"column":3}},"loc":{"start":{"line":159,"column":19},"end":{"line":185,"column":3}},"line":159},"16":{"name":"(anonymous_16)","decl":{"start":{"line":189,"column":2},"end":{"line":189,"column":3}},"loc":{"start":{"line":189,"column":20},"end":{"line":194,"column":3}},"line":189},"17":{"name":"(anonymous_17)","decl":{"start":{"line":196,"column":2},"end":{"line":196,"column":3}},"loc":{"start":{"line":196,"column":15},"end":{"line":229,"column":3}},"line":196},"18":{"name":"(anonymous_18)","decl":{"start":{"line":200,"column":32},"end":{"line":200,"column":33}},"loc":{"start":{"line":200,"column":38},"end":{"line":222,"column":5}},"line":200},"19":{"name":"(anonymous_19)","decl":{"start":{"line":231,"column":2},"end":{"line":231,"column":3}},"loc":{"start":{"line":231,"column":19},"end":{"line":237,"column":3}},"line":231},"20":{"name":"(anonymous_20)","decl":{"start":{"line":239,"column":2},"end":{"line":239,"column":3}},"loc":{"start":{"line":239,"column":15},"end":{"line":243,"column":3}},"line":239},"21":{"name":"(anonymous_21)","decl":{"start":{"line":245,"column":2},"end":{"line":245,"column":3}},"loc":{"start":{"line":245,"column":13},"end":{"line":247,"column":3}},"line":245},"22":{"name":"(anonymous_22)","decl":{"start":{"line":249,"column":2},"end":{"line":249,"column":3}},"loc":{"start":{"line":249,"column":11},"end":{"line":260,"column":3}},"line":249},"23":{"name":"(anonymous_23)","decl":{"start":{"line":253,"column":28},"end":{"line":253,"column":29}},"loc":{"start":{"line":253,"column":41},"end":{"line":258,"column":7}},"line":253},"24":{"name":"(anonymous_24)","decl":{"start":{"line":262,"column":2},"end":{"line":262,"column":3}},"loc":{"start":{"line":262,"column":16},"end":{"line":267,"column":3}},"line":262},"25":{"name":"(anonymous_25)","decl":{"start":{"line":263,"column":19},"end":{"line":263,"column":20}},"loc":{"start":{"line":263,"column":25},"end":{"line":265,"column":5}},"line":263},"26":{"name":"(anonymous_26)","decl":{"start":{"line":271,"column":2},"end":{"line":271,"column":3}},"loc":{"start":{"line":271,"column":24},"end":{"line":285,"column":3}},"line":271}},"branchMap":{"0":{"loc":{"start":{"line":46,"column":7},"end":{"line":46,"column":14}},"type":"default-arg","locations":[{"start":{"line":46,"column":13},"end":{"line":46,"column":14}}],"line":46},"1":{"loc":{"start":{"line":47,"column":11},"end":{"line":47,"column":62}},"type":"binary-expr","locations":[{"start":{"line":47,"column":11},"end":{"line":47,"column":23}},{"start":{"line":47,"column":28},"end":{"line":47,"column":61}}],"line":47},"2":{"loc":{"start":{"line":53,"column":11},"end":{"line":53,"column":33}},"type":"binary-expr","locations":[{"start":{"line":53,"column":11},"end":{"line":53,"column":14}},{"start":{"line":53,"column":18},"end":{"line":53,"column":33}}],"line":53},"3":{"loc":{"start":{"line":60,"column":11},"end":{"line":60,"column":18}},"type":"default-arg","locations":[{"start":{"line":60,"column":17},"end":{"line":60,"column":18}}],"line":60},"4":{"loc":{"start":{"line":64,"column":4},"end":{"line":64,"column":38}},"type":"if","locations":[{"start":{"line":64,"column":4},"end":{"line":64,"column":38}},{"start":{"line":64,"column":4},"end":{"line":64,"column":38}}],"line":64},"5":{"loc":{"start":{"line":69,"column":4},"end":{"line":72,"column":5}},"type":"if","locations":[{"start":{"line":69,"column":4},"end":{"line":72,"column":5}},{"start":{"line":69,"column":4},"end":{"line":72,"column":5}}],"line":69},"6":{"loc":{"start":{"line":78,"column":4},"end":{"line":93,"column":61}},"type":"if","locations":[{"start":{"line":78,"column":4},"end":{"line":93,"column":61}},{"start":{"line":78,"column":4},"end":{"line":93,"column":61}}],"line":78},"7":{"loc":{"start":{"line":80,"column":9},"end":{"line":93,"column":61}},"type":"if","locations":[{"start":{"line":80,"column":9},"end":{"line":93,"column":61}},{"start":{"line":80,"column":9},"end":{"line":93,"column":61}}],"line":80},"8":{"loc":{"start":{"line":80,"column":13},"end":{"line":80,"column":52}},"type":"binary-expr","locations":[{"start":{"line":80,"column":13},"end":{"line":80,"column":32}},{"start":{"line":80,"column":36},"end":{"line":80,"column":52}}],"line":80},"9":{"loc":{"start":{"line":82,"column":9},"end":{"line":93,"column":61}},"type":"if","locations":[{"start":{"line":82,"column":9},"end":{"line":93,"column":61}},{"start":{"line":82,"column":9},"end":{"line":93,"column":61}}],"line":82},"10":{"loc":{"start":{"line":82,"column":13},"end":{"line":82,"column":37}},"type":"binary-expr","locations":[{"start":{"line":82,"column":13},"end":{"line":82,"column":23}},{"start":{"line":82,"column":27},"end":{"line":82,"column":37}}],"line":82},"11":{"loc":{"start":{"line":84,"column":9},"end":{"line":93,"column":61}},"type":"if","locations":[{"start":{"line":84,"column":9},"end":{"line":93,"column":61}},{"start":{"line":84,"column":9},"end":{"line":93,"column":61}}],"line":84},"12":{"loc":{"start":{"line":86,"column":9},"end":{"line":93,"column":61}},"type":"if","locations":[{"start":{"line":86,"column":9},"end":{"line":93,"column":61}},{"start":{"line":86,"column":9},"end":{"line":93,"column":61}}],"line":86},"13":{"loc":{"start":{"line":88,"column":9},"end":{"line":93,"column":61}},"type":"if","locations":[{"start":{"line":88,"column":9},"end":{"line":93,"column":61}},{"start":{"line":88,"column":9},"end":{"line":93,"column":61}}],"line":88},"14":{"loc":{"start":{"line":118,"column":11},"end":{"line":118,"column":67}},"type":"binary-expr","locations":[{"start":{"line":118,"column":11},"end":{"line":118,"column":29}},{"start":{"line":118,"column":33},"end":{"line":118,"column":67}}],"line":118},"15":{"loc":{"start":{"line":135,"column":11},"end":{"line":135,"column":45}},"type":"binary-expr","locations":[{"start":{"line":135,"column":11},"end":{"line":135,"column":21}},{"start":{"line":135,"column":25},"end":{"line":135,"column":45}}],"line":135},"16":{"loc":{"start":{"line":150,"column":6},"end":{"line":151,"column":53}},"type":"binary-expr","locations":[{"start":{"line":150,"column":6},"end":{"line":150,"column":23}},{"start":{"line":151,"column":6},"end":{"line":151,"column":53}}],"line":150},"17":{"loc":{"start":{"line":172,"column":6},"end":{"line":181,"column":7}},"type":"if","locations":[{"start":{"line":172,"column":6},"end":{"line":181,"column":7}},{"start":{"line":172,"column":6},"end":{"line":181,"column":7}}],"line":172},"18":{"loc":{"start":{"line":175,"column":13},"end":{"line":181,"column":7}},"type":"if","locations":[{"start":{"line":175,"column":13},"end":{"line":181,"column":7}},{"start":{"line":175,"column":13},"end":{"line":181,"column":7}}],"line":175},"19":{"loc":{"start":{"line":177,"column":13},"end":{"line":181,"column":7}},"type":"if","locations":[{"start":{"line":177,"column":13},"end":{"line":181,"column":7}},{"start":{"line":177,"column":13},"end":{"line":181,"column":7}}],"line":177},"20":{"loc":{"start":{"line":203,"column":6},"end":{"line":210,"column":7}},"type":"if","locations":[{"start":{"line":203,"column":6},"end":{"line":210,"column":7}},{"start":{"line":203,"column":6},"end":{"line":210,"column":7}}],"line":203},"21":{"loc":{"start":{"line":205,"column":8},"end":{"line":205,"column":37}},"type":"if","locations":[{"start":{"line":205,"column":8},"end":{"line":205,"column":37}},{"start":{"line":205,"column":8},"end":{"line":205,"column":37}}],"line":205},"22":{"loc":{"start":{"line":211,"column":6},"end":{"line":219,"column":7}},"type":"if","locations":[{"start":{"line":211,"column":6},"end":{"line":219,"column":7}},{"start":{"line":211,"column":6},"end":{"line":219,"column":7}}],"line":211},"23":{"loc":{"start":{"line":214,"column":8},"end":{"line":214,"column":33}},"type":"if","locations":[{"start":{"line":214,"column":8},"end":{"line":214,"column":33}},{"start":{"line":214,"column":8},"end":{"line":214,"column":33}}],"line":214},"24":{"loc":{"start":{"line":234,"column":12},"end":{"line":234,"column":45}},"type":"cond-expr","locations":[{"start":{"line":234,"column":33},"end":{"line":234,"column":37}},{"start":{"line":234,"column":40},"end":{"line":234,"column":45}}],"line":234},"25":{"loc":{"start":{"line":254,"column":8},"end":{"line":256,"column":9}},"type":"if","locations":[{"start":{"line":254,"column":8},"end":{"line":256,"column":9}},{"start":{"line":254,"column":8},"end":{"line":256,"column":9}}],"line":254},"26":{"loc":{"start":{"line":254,"column":12},"end":{"line":254,"column":52}},"type":"binary-expr","locations":[{"start":{"line":254,"column":12},"end":{"line":254,"column":23}},{"start":{"line":254,"column":27},"end":{"line":254,"column":52}}],"line":254},"27":{"loc":{"start":{"line":279,"column":4},"end":{"line":284,"column":5}},"type":"if","locations":[{"start":{"line":279,"column":4},"end":{"line":284,"column":5}},{"start":{"line":279,"column":4},"end":{"line":284,"column":5}}],"line":279}},"s":{"0":80,"1":80,"2":80,"3":80,"4":80,"5":80,"6":80,"7":80,"8":80,"9":80,"10":80,"11":80,"12":80,"13":1582,"14":186,"15":186,"16":186,"17":79,"18":258,"19":258,"20":24,"21":234,"22":234,"23":22,"24":22,"25":212,"26":4,"27":208,"28":22,"29":186,"30":3,"31":183,"32":94,"33":89,"34":56,"35":33,"36":32,"37":32,"38":1,"39":99,"40":300,"41":212,"42":539,"43":537,"44":96,"45":98,"46":413,"47":210,"48":210,"49":438,"50":438,"51":1043,"52":438,"53":5,"54":5,"55":5,"56":5,"57":104,"58":104,"59":0,"60":0,"61":104,"62":0,"63":104,"64":5,"65":99,"66":5,"67":5,"68":25,"69":25,"70":25,"71":25,"72":85,"73":2,"74":0,"75":2,"76":2,"77":83,"78":5,"79":1,"80":4,"81":4,"82":78,"83":25,"84":97,"85":97,"86":4,"87":4,"88":57,"89":33,"90":33,"91":69,"92":18,"93":51,"94":23,"95":504,"96":23,"97":1,"98":1,"99":10,"100":1,"101":0,"102":1,"103":1,"104":4},"f":{"0":80,"1":1582,"2":186,"3":79,"4":258,"5":99,"6":300,"7":212,"8":539,"9":537,"10":96,"11":98,"12":413,"13":210,"14":438,"15":5,"16":5,"17":25,"18":85,"19":97,"20":4,"21":57,"22":33,"23":69,"24":23,"25":504,"26":1},"b":{"0":[1581],"1":[1582,220],"2":[186,6],"3":[16],"4":[24,234],"5":[22,212],"6":[4,208],"7":[22,186],"8":[208,206],"9":[3,183],"10":[186,185],"11":[94,89],"12":[56,33],"13":[32,1],"14":[537,173],"15":[210,4],"16":[1481,1430],"17":[0,104],"18":[0,104],"19":[5,99],"20":[2,83],"21":[0,2],"22":[5,78],"23":[1,4],"24":[23,74],"25":[18,51],"26":[69,20],"27":[0,1]},"_coverageSchema":"332fd63041d2c1bcb487cc26dd0d5f7d97098a6c","hash":"b328cbec8c4f55401e77c70867040a69806cd56c"}
,"/home/michael/Documents/apps/matjs/lib/Transpiler.js": {"path":"/home/michael/Documents/apps/matjs/lib/Transpiler.js","statementMap":{"0":{"start":{"line":1,"column":15},"end":{"line":1,"column":34}},"1":{"start":{"line":5,"column":4},"end":{"line":5,"column":41}},"2":{"start":{"line":6,"column":4},"end":{"line":6,"column":33}},"3":{"start":{"line":8,"column":4},"end":{"line":8,"column":19}},"4":{"start":{"line":9,"column":4},"end":{"line":9,"column":48}},"5":{"start":{"line":10,"column":4},"end":{"line":10,"column":46}},"6":{"start":{"line":14,"column":21},"end":{"line":14,"column":38}},"7":{"start":{"line":15,"column":22},"end":{"line":15,"column":40}},"8":{"start":{"line":16,"column":21},"end":{"line":16,"column":59}},"9":{"start":{"line":17,"column":4},"end":{"line":17,"column":30}},"10":{"start":{"line":21,"column":4},"end":{"line":48,"column":5}},"11":{"start":{"line":25,"column":8},"end":{"line":25,"column":33}},"12":{"start":{"line":27,"column":8},"end":{"line":27,"column":32}},"13":{"start":{"line":29,"column":8},"end":{"line":29,"column":35}},"14":{"start":{"line":31,"column":8},"end":{"line":31,"column":34}},"15":{"start":{"line":33,"column":8},"end":{"line":33,"column":35}},"16":{"start":{"line":35,"column":8},"end":{"line":35,"column":33}},"17":{"start":{"line":37,"column":8},"end":{"line":37,"column":32}},"18":{"start":{"line":39,"column":8},"end":{"line":39,"column":31}},"19":{"start":{"line":41,"column":8},"end":{"line":41,"column":33}},"20":{"start":{"line":43,"column":8},"end":{"line":43,"column":33}},"21":{"start":{"line":45,"column":8},"end":{"line":47,"column":10}},"22":{"start":{"line":56,"column":4},"end":{"line":56,"column":38}},"23":{"start":{"line":60,"column":4},"end":{"line":60,"column":36}},"24":{"start":{"line":66,"column":4},"end":{"line":68,"column":6}},"25":{"start":{"line":72,"column":21},"end":{"line":72,"column":39}},"26":{"start":{"line":73,"column":22},"end":{"line":73,"column":41}},"27":{"start":{"line":75,"column":23},"end":{"line":75,"column":47}},"28":{"start":{"line":78,"column":22},"end":{"line":78,"column":45}},"29":{"start":{"line":79,"column":17},"end":{"line":79,"column":19}},"30":{"start":{"line":80,"column":17},"end":{"line":80,"column":19}},"31":{"start":{"line":81,"column":4},"end":{"line":83,"column":5}},"32":{"start":{"line":82,"column":6},"end":{"line":82,"column":33}},"33":{"start":{"line":85,"column":4},"end":{"line":96,"column":5}},"34":{"start":{"line":86,"column":6},"end":{"line":86,"column":30}},"35":{"start":{"line":87,"column":6},"end":{"line":95,"column":22}},"36":{"start":{"line":91,"column":26},"end":{"line":91,"column":37}},"37":{"start":{"line":92,"column":12},"end":{"line":92,"column":36}},"38":{"start":{"line":93,"column":12},"end":{"line":93,"column":52}},"39":{"start":{"line":98,"column":20},"end":{"line":98,"column":72}},"40":{"start":{"line":100,"column":4},"end":{"line":100,"column":19}},"41":{"start":{"line":104,"column":4},"end":{"line":111,"column":5}},"42":{"start":{"line":106,"column":8},"end":{"line":106,"column":22}},"43":{"start":{"line":108,"column":8},"end":{"line":108,"column":23}},"44":{"start":{"line":110,"column":8},"end":{"line":110,"column":18}},"45":{"start":{"line":115,"column":18},"end":{"line":115,"column":20}},"46":{"start":{"line":116,"column":4},"end":{"line":123,"column":5}},"47":{"start":{"line":118,"column":8},"end":{"line":118,"column":44}},"48":{"start":{"line":120,"column":8},"end":{"line":120,"column":75}},"49":{"start":{"line":120,"column":45},"end":{"line":120,"column":56}},"50":{"start":{"line":122,"column":8},"end":{"line":122,"column":79}},"51":{"start":{"line":122,"column":49},"end":{"line":122,"column":60}},"52":{"start":{"line":129,"column":18},"end":{"line":129,"column":29}},"53":{"start":{"line":131,"column":4},"end":{"line":131,"column":51}},"54":{"start":{"line":131,"column":19},"end":{"line":131,"column":51}},"55":{"start":{"line":133,"column":4},"end":{"line":133,"column":66}},"56":{"start":{"line":135,"column":4},"end":{"line":135,"column":52}},"57":{"start":{"line":136,"column":4},"end":{"line":136,"column":19}},"58":{"start":{"line":140,"column":4},"end":{"line":140,"column":47}},"59":{"start":{"line":144,"column":4},"end":{"line":144,"column":78}},"60":{"start":{"line":162,"column":4},"end":{"line":169,"column":6}},"61":{"start":{"line":174,"column":21},"end":{"line":174,"column":41}},"62":{"start":{"line":176,"column":6},"end":{"line":178,"column":36}},"63":{"start":{"line":181,"column":20},"end":{"line":181,"column":49}},"64":{"start":{"line":185,"column":6},"end":{"line":187,"column":37}},"65":{"start":{"line":189,"column":25},"end":{"line":189,"column":63}},"66":{"start":{"line":190,"column":20},"end":{"line":190,"column":53}},"67":{"start":{"line":191,"column":26},"end":{"line":191,"column":43}},"68":{"start":{"line":194,"column":6},"end":{"line":200,"column":13}},"69":{"start":{"line":202,"column":4},"end":{"line":202,"column":49}},"70":{"start":{"line":203,"column":4},"end":{"line":203,"column":19}},"71":{"start":{"line":209,"column":4},"end":{"line":209,"column":16}},"72":{"start":{"line":213,"column":4},"end":{"line":213,"column":64}},"73":{"start":{"line":213,"column":31},"end":{"line":213,"column":42}},"74":{"start":{"line":217,"column":4},"end":{"line":217,"column":40}},"75":{"start":{"line":221,"column":4},"end":{"line":221,"column":31}},"76":{"start":{"line":226,"column":4},"end":{"line":240,"column":5}},"77":{"start":{"line":228,"column":8},"end":{"line":228,"column":31}},"78":{"start":{"line":230,"column":8},"end":{"line":234,"column":9}},"79":{"start":{"line":231,"column":10},"end":{"line":231,"column":47}},"80":{"start":{"line":233,"column":10},"end":{"line":233,"column":49}},"81":{"start":{"line":236,"column":8},"end":{"line":239,"column":10}},"82":{"start":{"line":245,"column":23},"end":{"line":245,"column":38}},"83":{"start":{"line":246,"column":18},"end":{"line":246,"column":73}},"84":{"start":{"line":246,"column":39},"end":{"line":246,"column":63}},"85":{"start":{"line":247,"column":24},"end":{"line":247,"column":42}},"86":{"start":{"line":248,"column":21},"end":{"line":248,"column":51}},"87":{"start":{"line":250,"column":4},"end":{"line":250,"column":50}},"88":{"start":{"line":254,"column":23},"end":{"line":254,"column":38}},"89":{"start":{"line":255,"column":28},"end":{"line":255,"column":58}},"90":{"start":{"line":256,"column":4},"end":{"line":267,"column":13}},"91":{"start":{"line":269,"column":4},"end":{"line":269,"column":20}},"92":{"start":{"line":273,"column":18},"end":{"line":273,"column":20}},"93":{"start":{"line":274,"column":4},"end":{"line":277,"column":6}},"94":{"start":{"line":276,"column":28},"end":{"line":276,"column":68}},"95":{"start":{"line":281,"column":0},"end":{"line":281,"column":28}}},"fnMap":{"0":{"name":"(anonymous_0)","decl":{"start":{"line":4,"column":2},"end":{"line":4,"column":3}},"loc":{"start":{"line":4,"column":21},"end":{"line":11,"column":3}},"line":4},"1":{"name":"(anonymous_1)","decl":{"start":{"line":13,"column":2},"end":{"line":13,"column":3}},"loc":{"start":{"line":13,"column":9},"end":{"line":18,"column":3}},"line":13},"2":{"name":"(anonymous_2)","decl":{"start":{"line":20,"column":2},"end":{"line":20,"column":3}},"loc":{"start":{"line":20,"column":11},"end":{"line":49,"column":3}},"line":20},"3":{"name":"(anonymous_3)","decl":{"start":{"line":55,"column":2},"end":{"line":55,"column":3}},"loc":{"start":{"line":55,"column":15},"end":{"line":57,"column":3}},"line":55},"4":{"name":"(anonymous_4)","decl":{"start":{"line":59,"column":2},"end":{"line":59,"column":3}},"loc":{"start":{"line":59,"column":14},"end":{"line":61,"column":3}},"line":59},"5":{"name":"(anonymous_5)","decl":{"start":{"line":63,"column":2},"end":{"line":63,"column":3}},"loc":{"start":{"line":63,"column":17},"end":{"line":69,"column":3}},"line":63},"6":{"name":"(anonymous_6)","decl":{"start":{"line":71,"column":2},"end":{"line":71,"column":3}},"loc":{"start":{"line":71,"column":17},"end":{"line":101,"column":3}},"line":71},"7":{"name":"(anonymous_7)","decl":{"start":{"line":90,"column":15},"end":{"line":90,"column":16}},"loc":{"start":{"line":90,"column":26},"end":{"line":94,"column":11}},"line":90},"8":{"name":"(anonymous_8)","decl":{"start":{"line":103,"column":2},"end":{"line":103,"column":3}},"loc":{"start":{"line":103,"column":11},"end":{"line":112,"column":3}},"line":103},"9":{"name":"(anonymous_9)","decl":{"start":{"line":114,"column":2},"end":{"line":114,"column":3}},"loc":{"start":{"line":114,"column":16},"end":{"line":124,"column":3}},"line":114},"10":{"name":"(anonymous_10)","decl":{"start":{"line":120,"column":39},"end":{"line":120,"column":40}},"loc":{"start":{"line":120,"column":45},"end":{"line":120,"column":56}},"line":120},"11":{"name":"(anonymous_11)","decl":{"start":{"line":122,"column":43},"end":{"line":122,"column":44}},"loc":{"start":{"line":122,"column":49},"end":{"line":122,"column":60}},"line":122},"12":{"name":"(anonymous_12)","decl":{"start":{"line":126,"column":2},"end":{"line":126,"column":3}},"loc":{"start":{"line":126,"column":15},"end":{"line":137,"column":3}},"line":126},"13":{"name":"(anonymous_13)","decl":{"start":{"line":139,"column":2},"end":{"line":139,"column":3}},"loc":{"start":{"line":139,"column":15},"end":{"line":141,"column":3}},"line":139},"14":{"name":"(anonymous_14)","decl":{"start":{"line":143,"column":2},"end":{"line":143,"column":3}},"loc":{"start":{"line":143,"column":15},"end":{"line":145,"column":3}},"line":143},"15":{"name":"(anonymous_15)","decl":{"start":{"line":149,"column":2},"end":{"line":149,"column":3}},"loc":{"start":{"line":149,"column":13},"end":{"line":170,"column":3}},"line":149},"16":{"name":"(anonymous_16)","decl":{"start":{"line":172,"column":2},"end":{"line":172,"column":3}},"loc":{"start":{"line":172,"column":14},"end":{"line":204,"column":3}},"line":172},"17":{"name":"(anonymous_17)","decl":{"start":{"line":208,"column":2},"end":{"line":208,"column":3}},"loc":{"start":{"line":208,"column":16},"end":{"line":210,"column":3}},"line":208},"18":{"name":"(anonymous_18)","decl":{"start":{"line":212,"column":2},"end":{"line":212,"column":3}},"loc":{"start":{"line":212,"column":16},"end":{"line":214,"column":3}},"line":212},"19":{"name":"(anonymous_19)","decl":{"start":{"line":213,"column":25},"end":{"line":213,"column":26}},"loc":{"start":{"line":213,"column":31},"end":{"line":213,"column":42}},"line":213},"20":{"name":"(anonymous_20)","decl":{"start":{"line":216,"column":2},"end":{"line":216,"column":3}},"loc":{"start":{"line":216,"column":15},"end":{"line":218,"column":3}},"line":216},"21":{"name":"(anonymous_21)","decl":{"start":{"line":220,"column":2},"end":{"line":220,"column":3}},"loc":{"start":{"line":220,"column":23},"end":{"line":222,"column":3}},"line":220},"22":{"name":"(anonymous_22)","decl":{"start":{"line":225,"column":2},"end":{"line":225,"column":3}},"loc":{"start":{"line":225,"column":22},"end":{"line":241,"column":3}},"line":225},"23":{"name":"(anonymous_23)","decl":{"start":{"line":244,"column":2},"end":{"line":244,"column":3}},"loc":{"start":{"line":244,"column":26},"end":{"line":251,"column":3}},"line":244},"24":{"name":"(anonymous_24)","decl":{"start":{"line":246,"column":32},"end":{"line":246,"column":33}},"loc":{"start":{"line":246,"column":39},"end":{"line":246,"column":63}},"line":246},"25":{"name":"(anonymous_25)","decl":{"start":{"line":253,"column":2},"end":{"line":253,"column":3}},"loc":{"start":{"line":253,"column":53},"end":{"line":270,"column":3}},"line":253},"26":{"name":"(anonymous_26)","decl":{"start":{"line":272,"column":2},"end":{"line":272,"column":3}},"loc":{"start":{"line":272,"column":38},"end":{"line":278,"column":3}},"line":272},"27":{"name":"(anonymous_27)","decl":{"start":{"line":276,"column":15},"end":{"line":276,"column":16}},"loc":{"start":{"line":276,"column":28},"end":{"line":276,"column":68}},"line":276}},"branchMap":{"0":{"loc":{"start":{"line":21,"column":4},"end":{"line":48,"column":5}},"type":"switch","locations":[{"start":{"line":22,"column":6},"end":{"line":22,"column":17}},{"start":{"line":23,"column":6},"end":{"line":23,"column":17}},{"start":{"line":24,"column":6},"end":{"line":25,"column":33}},{"start":{"line":26,"column":6},"end":{"line":27,"column":32}},{"start":{"line":28,"column":6},"end":{"line":29,"column":35}},{"start":{"line":30,"column":6},"end":{"line":31,"column":34}},{"start":{"line":32,"column":6},"end":{"line":33,"column":35}},{"start":{"line":34,"column":6},"end":{"line":35,"column":33}},{"start":{"line":36,"column":6},"end":{"line":37,"column":32}},{"start":{"line":38,"column":6},"end":{"line":39,"column":31}},{"start":{"line":40,"column":6},"end":{"line":41,"column":33}},{"start":{"line":42,"column":6},"end":{"line":43,"column":33}},{"start":{"line":44,"column":6},"end":{"line":47,"column":10}}],"line":21},"1":{"loc":{"start":{"line":81,"column":4},"end":{"line":83,"column":5}},"type":"if","locations":[{"start":{"line":81,"column":4},"end":{"line":83,"column":5}},{"start":{"line":81,"column":4},"end":{"line":83,"column":5}}],"line":81},"2":{"loc":{"start":{"line":85,"column":4},"end":{"line":96,"column":5}},"type":"if","locations":[{"start":{"line":85,"column":4},"end":{"line":96,"column":5}},{"start":{"line":85,"column":4},"end":{"line":96,"column":5}}],"line":85},"3":{"loc":{"start":{"line":104,"column":4},"end":{"line":111,"column":5}},"type":"switch","locations":[{"start":{"line":105,"column":6},"end":{"line":106,"column":22}},{"start":{"line":107,"column":6},"end":{"line":108,"column":23}},{"start":{"line":109,"column":6},"end":{"line":110,"column":18}}],"line":104},"4":{"loc":{"start":{"line":116,"column":4},"end":{"line":123,"column":5}},"type":"switch","locations":[{"start":{"line":117,"column":6},"end":{"line":118,"column":44}},{"start":{"line":119,"column":6},"end":{"line":120,"column":75}},{"start":{"line":121,"column":6},"end":{"line":122,"column":79}}],"line":116},"5":{"loc":{"start":{"line":131,"column":4},"end":{"line":131,"column":51}},"type":"if","locations":[{"start":{"line":131,"column":4},"end":{"line":131,"column":51}},{"start":{"line":131,"column":4},"end":{"line":131,"column":51}}],"line":131},"6":{"loc":{"start":{"line":168,"column":7},"end":{"line":168,"column":59}},"type":"cond-expr","locations":[{"start":{"line":168,"column":19},"end":{"line":168,"column":54}},{"start":{"line":168,"column":57},"end":{"line":168,"column":59}}],"line":168},"7":{"loc":{"start":{"line":176,"column":6},"end":{"line":178,"column":36}},"type":"cond-expr","locations":[{"start":{"line":177,"column":10},"end":{"line":177,"column":40}},{"start":{"line":178,"column":10},"end":{"line":178,"column":36}}],"line":176},"8":{"loc":{"start":{"line":185,"column":6},"end":{"line":187,"column":37}},"type":"cond-expr","locations":[{"start":{"line":186,"column":10},"end":{"line":186,"column":41}},{"start":{"line":187,"column":10},"end":{"line":187,"column":37}}],"line":185},"9":{"loc":{"start":{"line":226,"column":4},"end":{"line":240,"column":5}},"type":"switch","locations":[{"start":{"line":227,"column":6},"end":{"line":228,"column":31}},{"start":{"line":229,"column":6},"end":{"line":234,"column":9}},{"start":{"line":235,"column":6},"end":{"line":239,"column":10}}],"line":226},"10":{"loc":{"start":{"line":230,"column":8},"end":{"line":234,"column":9}},"type":"if","locations":[{"start":{"line":230,"column":8},"end":{"line":234,"column":9}},{"start":{"line":230,"column":8},"end":{"line":234,"column":9}}],"line":230},"11":{"loc":{"start":{"line":253,"column":28},"end":{"line":253,"column":36}},"type":"default-arg","locations":[{"start":{"line":253,"column":35},"end":{"line":253,"column":36}}],"line":253},"12":{"loc":{"start":{"line":253,"column":38},"end":{"line":253,"column":51}},"type":"default-arg","locations":[{"start":{"line":253,"column":49},"end":{"line":253,"column":51}}],"line":253},"13":{"loc":{"start":{"line":260,"column":7},"end":{"line":262,"column":16}},"type":"cond-expr","locations":[{"start":{"line":261,"column":10},"end":{"line":261,"column":58}},{"start":{"line":262,"column":10},"end":{"line":262,"column":16}}],"line":260},"14":{"loc":{"start":{"line":272,"column":17},"end":{"line":272,"column":36}},"type":"default-arg","locations":[{"start":{"line":272,"column":25},"end":{"line":272,"column":36}}],"line":272},"15":{"loc":{"start":{"line":276,"column":28},"end":{"line":276,"column":68}},"type":"cond-expr","locations":[{"start":{"line":276,"column":40},"end":{"line":276,"column":61}},{"start":{"line":276,"column":64},"end":{"line":276,"column":68}}],"line":276}},"s":{"0":2,"1":2,"2":2,"3":2,"4":2,"5":2,"6":1,"7":1,"8":1,"9":1,"10":101,"11":17,"12":51,"13":6,"14":6,"15":11,"16":0,"17":2,"18":2,"19":3,"20":2,"21":0,"22":17,"23":52,"24":7,"25":12,"26":12,"27":12,"28":12,"29":12,"30":12,"31":12,"32":7,"33":12,"34":1,"35":1,"36":2,"37":2,"38":2,"39":12,"40":12,"41":9,"42":2,"43":1,"44":6,"45":9,"46":9,"47":6,"48":1,"49":3,"50":2,"51":5,"52":1,"53":1,"54":0,"55":1,"56":1,"57":1,"58":3,"59":2,"60":2,"61":2,"62":2,"63":2,"64":2,"65":2,"66":2,"67":2,"68":2,"69":2,"70":2,"71":56,"72":2,"73":11,"74":12,"75":2,"76":16,"77":7,"78":8,"79":2,"80":6,"81":1,"82":7,"83":7,"84":16,"85":7,"86":7,"87":7,"88":19,"89":19,"90":19,"91":19,"92":20,"93":20,"94":50,"95":2},"f":{"0":2,"1":1,"2":101,"3":17,"4":52,"5":7,"6":12,"7":2,"8":9,"9":9,"10":3,"11":5,"12":1,"13":3,"14":2,"15":2,"16":2,"17":56,"18":2,"19":11,"20":12,"21":2,"22":16,"23":7,"24":16,"25":19,"26":20,"27":50},"b":{"0":[15,16,17,51,6,6,11,0,2,2,3,2,0],"1":[7,5],"2":[1,11],"3":[2,1,6],"4":[6,1,2],"5":[0,1],"6":[0,2],"7":[2,0],"8":[0,2],"9":[7,8,1],"10":[2,6],"11":[8],"12":[8],"13":[11,8],"14":[1],"15":[36,14]},"_coverageSchema":"332fd63041d2c1bcb487cc26dd0d5f7d97098a6c","hash":"e032ca8808f33ef3b98b08773ffb82330a2d3788"}
,"/home/michael/Documents/apps/matjs/lib/index.js": {"path":"/home/michael/Documents/apps/matjs/lib/index.js","statementMap":{"0":{"start":{"line":1,"column":15},"end":{"line":1,"column":34}},"1":{"start":{"line":3,"column":0},"end":{"line":3,"column":24}}},"fnMap":{},"branchMap":{},"s":{"0":1,"1":1},"f":{},"b":{},"_coverageSchema":"332fd63041d2c1bcb487cc26dd0d5f7d97098a6c","hash":"251527cf9bfc06fede4d4749fc2de0928d9f426a"}
}
