TN:
SF:/home/michael/Documents/apps/matjs/__tests__/setupTests.js
FN:6,logger
FNF:1
FNH:0
FNDA:0,logger
DA:1,6
DA:4,6
DA:7,0
DA:10,6
DA:11,6
LF:5
LH:4
BRF:0
BRH:0
end_of_record
TN:
SF:/home/michael/Documents/apps/matjs/lib/InputStream.js
FN:4,(anonymous_0)
FN:11,(anonymous_1)
FN:25,(anonymous_2)
FN:29,(anonymous_3)
FN:33,(anonymous_4)
FNF:5
FNH:5
FNDA:92,(anonymous_0)
FNDA:1241,(anonymous_1)
FNDA:3745,(anonymous_2)
FNDA:1845,(anonymous_3)
FNDA:6,(anonymous_4)
DA:5,92
DA:6,92
DA:7,92
DA:8,92
DA:13,1241
DA:15,1241
DA:16,56
DA:17,56
DA:19,1185
DA:22,1241
DA:26,3745
DA:30,1845
DA:34,6
DA:35,6
DA:39,5
LF:15
LH:15
BRDA:15,0,0,56
BRDA:15,0,1,1185
BRDA:25,1,0,3300
BRF:3
BRH:3
end_of_record
TN:
SF:/home/michael/Documents/apps/matjs/lib/Parser.js
FN:5,(anonymous_0)
FN:42,(anonymous_1)
FN:53,(anonymous_2)
FN:67,(anonymous_3)
FN:68,(anonymous_4)
FN:75,(anonymous_5)
FN:76,(anonymous_6)
FN:113,(anonymous_7)
FN:143,(anonymous_8)
FN:162,(anonymous_9)
FN:164,(anonymous_10)
FN:178,(anonymous_11)
FN:181,(anonymous_12)
FN:194,(anonymous_13)
FN:210,(anonymous_14)
FN:219,(anonymous_15)
FN:231,(anonymous_16)
FN:243,(anonymous_17)
FN:262,(anonymous_18)
FN:268,(anonymous_19)
FN:281,(anonymous_20)
FN:295,(anonymous_21)
FN:300,(anonymous_22)
FN:338,(anonymous_23)
FN:343,(anonymous_24)
FN:348,(anonymous_25)
FN:353,(anonymous_26)
FN:362,(anonymous_27)
FN:367,(anonymous_28)
FN:372,(anonymous_29)
FN:377,(anonymous_30)
FNF:31
FNH:28
FNDA:30,(anonymous_0)
FNDA:2,(anonymous_1)
FNDA:2,(anonymous_2)
FNDA:62,(anonymous_3)
FNDA:62,(anonymous_4)
FNDA:92,(anonymous_5)
FNDA:92,(anonymous_6)
FNDA:19,(anonymous_7)
FNDA:11,(anonymous_8)
FNDA:0,(anonymous_9)
FNDA:5,(anonymous_10)
FNDA:9,(anonymous_11)
FNDA:0,(anonymous_12)
FNDA:1,(anonymous_13)
FNDA:1,(anonymous_14)
FNDA:1,(anonymous_15)
FNDA:3,(anonymous_16)
FNDA:3,(anonymous_17)
FNDA:8,(anonymous_18)
FNDA:29,(anonymous_19)
FNDA:2,(anonymous_20)
FNDA:154,(anonymous_21)
FNDA:120,(anonymous_22)
FNDA:706,(anonymous_23)
FNDA:531,(anonymous_24)
FNDA:165,(anonymous_25)
FNDA:95,(anonymous_26)
FNDA:53,(anonymous_27)
FNDA:16,(anonymous_28)
FNDA:1,(anonymous_29)
FNDA:0,(anonymous_30)
DA:1,3
DA:2,3
DA:6,30
DA:8,30
DA:9,2
DA:10,28
DA:12,30
DA:14,30
DA:15,30
DA:17,30
DA:43,2
DA:54,2
DA:55,2
DA:56,18
DA:57,18
DA:58,18
DA:59,9
DA:63,2
DA:68,62
DA:69,62
DA:76,92
DA:77,92
DA:78,0
DA:79,0
DA:80,0
DA:81,0
DA:84,92
DA:85,1
DA:86,1
DA:89,91
DA:90,81
DA:91,81
DA:92,79
DA:93,77
DA:94,75
DA:95,75
DA:96,0
DA:97,0
DA:100,75
DA:104,75
DA:105,75
DA:108,0
DA:116,19
DA:117,19
DA:120,19
DA:122,19
DA:125,56
DA:128,42
DA:129,23
DA:131,42
DA:132,38
DA:136,19
DA:137,5
DA:139,19
DA:146,11
DA:153,11
DA:154,6
DA:155,6
DA:159,11
DA:168,5
DA:175,5
DA:176,5
DA:178,9
DA:182,0
DA:183,0
DA:195,1
DA:202,1
DA:203,1
DA:204,1
DA:207,1
DA:211,1
DA:221,1
DA:223,1
DA:225,1
DA:227,1
DA:233,3
DA:235,3
DA:237,3
DA:239,3
DA:246,3
DA:248,3
DA:250,3
DA:251,3
DA:253,3
DA:254,1
DA:255,1
DA:258,3
DA:263,8
DA:264,8
DA:265,7
DA:269,29
DA:271,3
DA:273,0
DA:275,16
DA:277,10
DA:283,2
DA:285,2
DA:296,154
DA:297,154
DA:305,120
DA:306,120
DA:309,29
DA:310,29
DA:311,29
DA:312,29
DA:313,0
DA:315,29
DA:317,29
DA:319,29
DA:325,29
DA:329,91
DA:339,706
DA:340,706
DA:344,531
DA:345,531
DA:349,165
DA:350,165
DA:354,95
DA:355,95
DA:363,53
DA:364,1
DA:368,16
DA:369,2
DA:373,1
DA:374,0
DA:378,0
DA:387,3
LF:127
LH:114
BRDA:5,0,0,1
BRDA:8,1,0,2
BRDA:8,1,1,28
BRDA:8,2,0,30
BRDA:8,2,1,29
BRDA:58,3,0,9
BRDA:58,3,1,9
BRDA:77,4,0,0
BRDA:77,4,1,92
BRDA:84,5,0,1
BRDA:84,5,1,91
BRDA:89,6,0,10
BRDA:89,6,1,81
BRDA:90,7,0,0
BRDA:90,7,1,81
BRDA:91,8,0,2
BRDA:91,8,1,79
BRDA:92,9,0,2
BRDA:92,9,1,77
BRDA:93,10,0,2
BRDA:93,10,1,75
BRDA:94,11,0,0
BRDA:94,11,1,75
BRDA:94,12,0,75
BRDA:94,12,1,75
BRDA:95,13,0,0
BRDA:95,13,1,75
BRDA:104,14,0,75
BRDA:104,14,1,0
BRDA:120,15,0,19
BRDA:120,15,1,14
BRDA:125,16,0,14
BRDA:125,16,1,42
BRDA:128,17,0,19
BRDA:128,17,1,23
BRDA:129,18,0,13
BRDA:129,18,1,10
BRDA:129,19,0,23
BRDA:129,19,1,23
BRDA:131,20,0,4
BRDA:131,20,1,38
BRDA:131,21,0,42
BRDA:131,21,1,42
BRDA:136,22,0,14
BRDA:136,22,1,5
BRDA:137,23,0,4
BRDA:137,23,1,1
BRDA:153,24,0,6
BRDA:153,24,1,5
BRDA:175,25,0,0
BRDA:175,25,1,5
BRDA:176,26,0,2
BRDA:176,26,1,3
BRDA:202,27,0,1
BRDA:202,27,1,0
BRDA:253,28,0,1
BRDA:253,28,1,2
BRDA:264,29,0,1
BRDA:264,29,1,7
BRDA:269,30,0,3
BRDA:269,30,1,0
BRDA:269,30,2,16
BRDA:269,30,3,10
BRDA:297,31,0,9
BRDA:297,31,1,145
BRDA:305,32,0,120
BRDA:305,32,1,94
BRDA:306,33,0,29
BRDA:306,33,1,91
BRDA:310,34,0,29
BRDA:310,34,1,0
BRDA:312,35,0,0
BRDA:312,35,1,29
BRDA:340,36,0,706
BRDA:340,36,1,701
BRDA:340,36,2,225
BRDA:340,36,3,225
BRDA:340,36,4,114
BRDA:345,37,0,531
BRDA:345,37,1,529
BRDA:345,37,2,39
BRDA:345,37,3,39
BRDA:345,37,4,30
BRDA:350,38,0,165
BRDA:350,38,1,159
BRDA:350,38,2,36
BRDA:350,38,3,10
BRDA:350,38,4,35
BRDA:355,39,0,95
BRDA:355,39,1,91
BRDA:355,39,2,4
BRDA:355,39,3,1
BRDA:355,39,4,4
BRDA:363,40,0,52
BRDA:363,40,1,1
BRDA:368,41,0,14
BRDA:368,41,1,2
BRDA:373,42,0,1
BRDA:373,42,1,0
BRDA:379,43,0,0
BRDA:379,43,1,0
BRF:101
BRH:88
end_of_record
TN:
SF:/home/michael/Documents/apps/matjs/lib/RTEnvironment.js
FN:2,(anonymous_0)
FN:8,(anonymous_1)
FN:13,(anonymous_2)
FN:29,(anonymous_3)
FN:37,(anonymous_4)
FN:44,(anonymous_5)
FN:52,(anonymous_6)
FNF:7
FNH:7
FNDA:16,(anonymous_0)
FNDA:5,(anonymous_1)
FNDA:4,(anonymous_2)
FNDA:2,(anonymous_3)
FNDA:3,(anonymous_4)
FNDA:2,(anonymous_5)
FNDA:3,(anonymous_6)
DA:4,16
DA:5,16
DA:9,5
DA:18,4
DA:19,4
DA:20,8
DA:21,2
DA:24,6
DA:30,2
DA:31,1
DA:38,3
DA:45,2
DA:47,2
DA:48,1
DA:53,3
DA:57,3
DA:59,0
DA:66,1
LF:18
LH:17
BRDA:4,0,0,5
BRDA:4,0,1,11
BRDA:5,1,0,16
BRDA:5,1,1,11
BRDA:20,2,0,2
BRDA:20,2,1,6
BRDA:30,3,0,1
BRDA:30,3,1,1
BRDA:47,4,0,1
BRDA:47,4,1,1
BRDA:47,5,0,2
BRDA:47,5,1,1
BRDA:53,6,0,1
BRDA:53,6,1,2
BRDA:53,6,2,3
BRDA:53,6,3,0
BRF:16
BRH:15
end_of_record
TN:
SF:/home/michael/Documents/apps/matjs/lib/TokenStream.js
FN:12,(anonymous_0)
FN:46,(anonymous_1)
FN:50,(anonymous_2)
FN:56,(anonymous_3)
FN:60,(anonymous_4)
FN:100,(anonymous_5)
FN:105,(anonymous_6)
FN:109,(anonymous_7)
FN:113,(anonymous_8)
FN:117,(anonymous_9)
FN:121,(anonymous_10)
FN:125,(anonymous_11)
FN:129,(anonymous_12)
FN:133,(anonymous_13)
FN:145,(anonymous_14)
FN:159,(anonymous_15)
FN:189,(anonymous_16)
FN:196,(anonymous_17)
FN:200,(anonymous_18)
FN:231,(anonymous_19)
FN:239,(anonymous_20)
FN:245,(anonymous_21)
FN:249,(anonymous_22)
FN:253,(anonymous_23)
FN:262,(anonymous_24)
FN:263,(anonymous_25)
FN:271,(anonymous_26)
FNF:27
FNH:27
FNDA:80,(anonymous_0)
FNDA:1582,(anonymous_1)
FNDA:186,(anonymous_2)
FNDA:79,(anonymous_3)
FNDA:258,(anonymous_4)
FNDA:99,(anonymous_5)
FNDA:300,(anonymous_6)
FNDA:212,(anonymous_7)
FNDA:539,(anonymous_8)
FNDA:537,(anonymous_9)
FNDA:96,(anonymous_10)
FNDA:98,(anonymous_11)
FNDA:413,(anonymous_12)
FNDA:210,(anonymous_13)
FNDA:438,(anonymous_14)
FNDA:5,(anonymous_15)
FNDA:5,(anonymous_16)
FNDA:25,(anonymous_17)
FNDA:85,(anonymous_18)
FNDA:97,(anonymous_19)
FNDA:4,(anonymous_20)
FNDA:57,(anonymous_21)
FNDA:33,(anonymous_22)
FNDA:69,(anonymous_23)
FNDA:23,(anonymous_24)
FNDA:504,(anonymous_25)
FNDA:1,(anonymous_26)
DA:13,80
DA:14,80
DA:16,80
DA:18,80
DA:30,80
DA:31,80
DA:32,80
DA:33,80
DA:34,80
DA:35,80
DA:36,80
DA:37,80
DA:39,80
DA:47,1582
DA:51,186
DA:52,186
DA:53,186
DA:57,79
DA:62,258
DA:64,258
DA:68,234
DA:69,234
DA:70,22
DA:71,22
DA:78,212
DA:80,208
DA:82,186
DA:84,183
DA:86,89
DA:88,33
DA:89,32
DA:90,32
DA:93,1
DA:102,99
DA:106,300
DA:110,212
DA:114,539
DA:118,537
DA:122,96
DA:126,98
DA:130,413
DA:134,210
DA:135,210
DA:148,438
DA:149,438
DA:153,1043
DA:156,438
DA:161,5
DA:162,5
DA:165,5
DA:170,5
DA:171,104
DA:172,104
DA:173,0
DA:174,0
DA:175,104
DA:176,0
DA:177,104
DA:178,5
DA:180,99
DA:184,5
DA:190,5
DA:197,25
DA:198,25
DA:199,25
DA:200,25
DA:203,85
DA:205,2
DA:207,2
DA:209,2
DA:211,83
DA:214,5
DA:216,4
DA:218,4
DA:221,78
DA:225,25
DA:232,97
DA:233,97
DA:241,4
DA:242,4
DA:246,57
DA:250,33
DA:251,33
DA:254,69
DA:255,18
DA:257,51
DA:263,23
DA:264,504
DA:266,23
DA:272,1
DA:274,1
DA:275,10
DA:279,1
DA:280,0
DA:282,1
DA:283,1
DA:288,4
LF:97
LH:93
BRDA:46,0,0,1581
BRDA:47,1,0,1582
BRDA:47,1,1,220
BRDA:53,2,0,186
BRDA:53,2,1,6
BRDA:60,3,0,16
BRDA:64,4,0,24
BRDA:64,4,1,234
BRDA:69,5,0,22
BRDA:69,5,1,212
BRDA:78,6,0,4
BRDA:78,6,1,208
BRDA:80,7,0,22
BRDA:80,7,1,186
BRDA:80,8,0,208
BRDA:80,8,1,206
BRDA:82,9,0,3
BRDA:82,9,1,183
BRDA:82,10,0,186
BRDA:82,10,1,185
BRDA:84,11,0,94
BRDA:84,11,1,89
BRDA:86,12,0,56
BRDA:86,12,1,33
BRDA:88,13,0,32
BRDA:88,13,1,1
BRDA:118,14,0,537
BRDA:118,14,1,173
BRDA:135,15,0,210
BRDA:135,15,1,4
BRDA:150,16,0,1481
BRDA:150,16,1,1430
BRDA:172,17,0,0
BRDA:172,17,1,104
BRDA:175,18,0,0
BRDA:175,18,1,104
BRDA:177,19,0,5
BRDA:177,19,1,99
BRDA:203,20,0,2
BRDA:203,20,1,83
BRDA:205,21,0,0
BRDA:205,21,1,2
BRDA:211,22,0,5
BRDA:211,22,1,78
BRDA:214,23,0,1
BRDA:214,23,1,4
BRDA:234,24,0,23
BRDA:234,24,1,74
BRDA:254,25,0,18
BRDA:254,25,1,51
BRDA:254,26,0,69
BRDA:254,26,1,20
BRDA:279,27,0,0
BRDA:279,27,1,1
BRF:54
BRH:50
end_of_record
TN:
SF:/home/michael/Documents/apps/matjs/lib/Transpiler.js
FN:4,(anonymous_0)
FN:13,(anonymous_1)
FN:20,(anonymous_2)
FN:55,(anonymous_3)
FN:59,(anonymous_4)
FN:63,(anonymous_5)
FN:71,(anonymous_6)
FN:90,(anonymous_7)
FN:103,(anonymous_8)
FN:114,(anonymous_9)
FN:120,(anonymous_10)
FN:122,(anonymous_11)
FN:126,(anonymous_12)
FN:139,(anonymous_13)
FN:143,(anonymous_14)
FN:149,(anonymous_15)
FN:172,(anonymous_16)
FN:208,(anonymous_17)
FN:212,(anonymous_18)
FN:213,(anonymous_19)
FN:216,(anonymous_20)
FN:220,(anonymous_21)
FN:225,(anonymous_22)
FN:244,(anonymous_23)
FN:246,(anonymous_24)
FN:253,(anonymous_25)
FN:272,(anonymous_26)
FN:276,(anonymous_27)
FNF:28
FNH:28
FNDA:2,(anonymous_0)
FNDA:1,(anonymous_1)
FNDA:101,(anonymous_2)
FNDA:17,(anonymous_3)
FNDA:52,(anonymous_4)
FNDA:7,(anonymous_5)
FNDA:12,(anonymous_6)
FNDA:2,(anonymous_7)
FNDA:9,(anonymous_8)
FNDA:9,(anonymous_9)
FNDA:3,(anonymous_10)
FNDA:5,(anonymous_11)
FNDA:1,(anonymous_12)
FNDA:3,(anonymous_13)
FNDA:2,(anonymous_14)
FNDA:2,(anonymous_15)
FNDA:2,(anonymous_16)
FNDA:56,(anonymous_17)
FNDA:2,(anonymous_18)
FNDA:11,(anonymous_19)
FNDA:12,(anonymous_20)
FNDA:2,(anonymous_21)
FNDA:16,(anonymous_22)
FNDA:7,(anonymous_23)
FNDA:16,(anonymous_24)
FNDA:19,(anonymous_25)
FNDA:20,(anonymous_26)
FNDA:50,(anonymous_27)
DA:1,2
DA:5,2
DA:6,2
DA:8,2
DA:9,2
DA:10,2
DA:14,1
DA:15,1
DA:16,1
DA:17,1
DA:21,101
DA:25,17
DA:27,51
DA:29,6
DA:31,6
DA:33,11
DA:35,0
DA:37,2
DA:39,2
DA:41,3
DA:43,2
DA:45,0
DA:56,17
DA:60,52
DA:66,7
DA:72,12
DA:73,12
DA:75,12
DA:78,12
DA:79,12
DA:80,12
DA:81,12
DA:82,7
DA:85,12
DA:86,1
DA:87,1
DA:91,2
DA:92,2
DA:93,2
DA:98,12
DA:100,12
DA:104,9
DA:106,2
DA:108,1
DA:110,6
DA:115,9
DA:116,9
DA:118,6
DA:120,3
DA:122,5
DA:129,1
DA:131,1
DA:133,1
DA:135,1
DA:136,1
DA:140,3
DA:144,2
DA:162,2
DA:174,2
DA:176,2
DA:181,2
DA:185,2
DA:189,2
DA:190,2
DA:191,2
DA:194,2
DA:202,2
DA:203,2
DA:209,56
DA:213,11
DA:217,12
DA:221,2
DA:226,16
DA:228,7
DA:230,8
DA:231,2
DA:233,6
DA:236,1
DA:245,7
DA:246,16
DA:247,7
DA:248,7
DA:250,7
DA:254,19
DA:255,19
DA:256,19
DA:269,19
DA:273,20
DA:274,20
DA:276,50
DA:281,2
LF:91
LH:89
BRDA:21,0,0,15
BRDA:21,0,1,16
BRDA:21,0,2,17
BRDA:21,0,3,51
BRDA:21,0,4,6
BRDA:21,0,5,6
BRDA:21,0,6,11
BRDA:21,0,7,0
BRDA:21,0,8,2
BRDA:21,0,9,2
BRDA:21,0,10,3
BRDA:21,0,11,2
BRDA:21,0,12,0
BRDA:81,1,0,7
BRDA:81,1,1,5
BRDA:85,2,0,1
BRDA:85,2,1,11
BRDA:104,3,0,2
BRDA:104,3,1,1
BRDA:104,3,2,6
BRDA:116,4,0,6
BRDA:116,4,1,1
BRDA:116,4,2,2
BRDA:131,5,0,0
BRDA:131,5,1,1
BRDA:168,6,0,0
BRDA:168,6,1,2
BRDA:176,7,0,2
BRDA:176,7,1,0
BRDA:185,8,0,0
BRDA:185,8,1,2
BRDA:226,9,0,7
BRDA:226,9,1,8
BRDA:226,9,2,1
BRDA:230,10,0,2
BRDA:230,10,1,6
BRDA:253,11,0,8
BRDA:253,12,0,8
BRDA:260,13,0,11
BRDA:260,13,1,8
BRDA:272,14,0,1
BRDA:276,15,0,36
BRDA:276,15,1,14
BRF:43
BRH:37
end_of_record
TN:
SF:/home/michael/Documents/apps/matjs/lib/index.js
FNF:0
FNH:0
DA:1,1
DA:3,1
LF:2
LH:2
BRF:0
BRH:0
end_of_record
